cake = [['G', '?', '?'], ['?', 'C', '?'], ['?', '?', 'J']]
l = G
cake = [['G', '?', '?'], ['?', 'C', '?'], ['?', '?', 'J']]
l = ?
cake = [['G', 'G', '?'], ['?', 'C', '?'], ['?', '?', 'J']]
l = ?
cake = [['G', 'G', 'G'], ['?', 'C', '?'], ['?', '?', 'J']]
l = ?
cake = [['G', 'G', 'G'], ['?', 'C', '?'], ['?', '?', 'J']]
l = C
cake = [['G', 'G', 'G'], ['C', 'C', '?'], ['?', '?', 'J']]
l = ?
cake = [['G', 'G', 'G'], ['C', 'C', 'C'], ['?', '?', 'J']]
l = ?
cake = [['G', 'G', 'G'], ['C', 'C', 'C'], ['?', '?', 'J']]
l = ?
cake = [['G', 'G', 'G'], ['C', 'C', 'C'], ['?', '?', 'J']]
l = J
cake = [['G', 'G', 'G'], ['C', 'C', 'C'], ['J', 'J', 'J']]
Case #1: 
GGG
CCC
JJJ
cake = [['C', 'O', 'D', 'E'], ['?', '?', '?', '?'], ['?', 'J', 'A', 'M']]
l = C
cake = [['C', 'O', 'D', 'E'], ['?', '?', '?', '?'], ['?', 'J', 'A', 'M']]
l = O
l = D
l = E
l = ?
cake = [['C', 'O', 'D', 'E'], ['?', '?', '?', '?'], ['?', 'J', 'A', 'M']]
l = ?
cake = [['C', 'O', 'D', 'E'], ['?', '?', '?', '?'], ['?', 'J', 'A', 'M']]
l = ?
cake = [['C', 'O', 'D', 'E'], ['?', '?', '?', '?'], ['?', 'J', 'A', 'M']]
l = ?
cake = [['C', 'O', 'D', 'E'], ['?', '?', '?', '?'], ['?', 'J', 'A', 'M']]
l = ?
cake = [['C', 'O', 'D', 'E'], ['C', 'O', 'D', 'E'], ['?', 'J', 'A', 'M']]
l = J
cake = [['C', 'O', 'D', 'E'], ['C', 'O', 'D', 'E'], ['J', 'J', 'A', 'M']]
l = A
l = M
Case #2: 
CODE
CODE
JJAM
cake = [['C', 'A'], ['K', 'E']]
l = C
cake = [['C', 'A'], ['K', 'E']]
l = A
l = K
cake = [['C', 'A'], ['K', 'E']]
l = E
Case #3: 
CA
KE
cake = [['A', 'E', '?', '?'], ['?', '?', 'D', '?'], ['?', 'B', '?', 'C']]
l = A
cake = [['A', 'E', '?', '?'], ['?', '?', 'D', '?'], ['?', 'B', '?', 'C']]
l = E
l = ?
cake = [['A', 'E', 'E', '?'], ['?', '?', 'D', '?'], ['?', 'B', '?', 'C']]
l = ?
cake = [['A', 'E', 'E', 'E'], ['?', '?', 'D', '?'], ['?', 'B', '?', 'C']]
l = ?
cake = [['A', 'E', 'E', 'E'], ['?', '?', 'D', '?'], ['?', 'B', '?', 'C']]
l = ?
cake = [['A', 'E', 'E', 'E'], ['?', '?', 'D', '?'], ['?', 'B', '?', 'C']]
l = D
cake = [['A', 'E', 'E', 'E'], ['D', 'D', 'D', '?'], ['?', 'B', '?', 'C']]
l = ?
cake = [['A', 'E', 'E', 'E'], ['D', 'D', 'D', 'D'], ['?', 'B', '?', 'C']]
l = ?
cake = [['A', 'E', 'E', 'E'], ['D', 'D', 'D', 'D'], ['?', 'B', '?', 'C']]
l = B
cake = [['A', 'E', 'E', 'E'], ['D', 'D', 'D', 'D'], ['B', 'B', '?', 'C']]
l = ?
cake = [['A', 'E', 'E', 'E'], ['D', 'D', 'D', 'D'], ['B', 'B', 'B', 'C']]
l = C
Case #4: 
AEEE
DDDD
BBBC
cake = [['B', 'D', 'A'], ['E', 'C', '?'], ['?', '?', '?'], ['?', '?', '?']]
l = B
cake = [['B', 'D', 'A'], ['E', 'C', '?'], ['?', '?', '?'], ['?', '?', '?']]
l = D
l = A
l = E
cake = [['B', 'D', 'A'], ['E', 'C', '?'], ['?', '?', '?'], ['?', '?', '?']]
l = C
l = ?
cake = [['B', 'D', 'A'], ['E', 'C', 'C'], ['?', '?', '?'], ['?', '?', '?']]
l = ?
cake = [['B', 'D', 'A'], ['E', 'C', 'C'], ['?', '?', '?'], ['?', '?', '?']]
l = ?
cake = [['B', 'D', 'A'], ['E', 'C', 'C'], ['?', '?', '?'], ['?', '?', '?']]
l = ?
cake = [['B', 'D', 'A'], ['E', 'C', 'C'], ['?', '?', '?'], ['?', '?', '?']]
l = ?
cake = [['B', 'D', 'A'], ['E', 'C', 'C'], ['E', 'C', 'C'], ['?', '?', '?']]
l = ?
cake = [['B', 'D', 'A'], ['E', 'C', 'C'], ['E', 'C', 'C'], ['?', '?', '?']]
l = ?
cake = [['B', 'D', 'A'], ['E', 'C', 'C'], ['E', 'C', 'C'], ['?', '?', '?']]
Case #5: 
BDA
ECC
ECC
ECC
cake = [['A', '?'], ['?', 'B'], ['C', '?'], ['?', 'D'], ['E', '?'], ['?', 'F']]
l = A
cake = [['A', '?'], ['?', 'B'], ['C', '?'], ['?', 'D'], ['E', '?'], ['?', 'F']]
l = ?
cake = [['A', 'A'], ['?', 'B'], ['C', '?'], ['?', 'D'], ['E', '?'], ['?', 'F']]
l = ?
cake = [['A', 'A'], ['?', 'B'], ['C', '?'], ['?', 'D'], ['E', '?'], ['?', 'F']]
l = B
cake = [['A', 'A'], ['B', 'B'], ['C', '?'], ['?', 'D'], ['E', '?'], ['?', 'F']]
l = C
cake = [['A', 'A'], ['B', 'B'], ['C', '?'], ['?', 'D'], ['E', '?'], ['?', 'F']]
l = ?
cake = [['A', 'A'], ['B', 'B'], ['C', 'C'], ['?', 'D'], ['E', '?'], ['?', 'F']]
l = ?
cake = [['A', 'A'], ['B', 'B'], ['C', 'C'], ['?', 'D'], ['E', '?'], ['?', 'F']]
l = D
cake = [['A', 'A'], ['B', 'B'], ['C', 'C'], ['D', 'D'], ['E', '?'], ['?', 'F']]
l = E
cake = [['A', 'A'], ['B', 'B'], ['C', 'C'], ['D', 'D'], ['E', '?'], ['?', 'F']]
l = ?
cake = [['A', 'A'], ['B', 'B'], ['C', 'C'], ['D', 'D'], ['E', 'E'], ['?', 'F']]
l = ?
cake = [['A', 'A'], ['B', 'B'], ['C', 'C'], ['D', 'D'], ['E', 'E'], ['?', 'F']]
l = F
cake = [['A', 'A'], ['B', 'B'], ['C', 'C'], ['D', 'D'], ['E', 'E'], ['F', 'F']]
Case #6: 
AA
BB
CC
DD
EE
FF
cake = [['?', '?', 'F'], ['E', 'B', '?'], ['C', '?', '?'], ['?', 'A', 'D']]
l = ?
cake = [['?', '?', 'F'], ['E', 'B', '?'], ['C', '?', '?'], ['?', 'A', 'D']]
l = ?
cake = [['?', '?', 'F'], ['E', 'B', '?'], ['C', '?', '?'], ['?', 'A', 'D']]
l = F
cake = [['F', 'F', 'F'], ['E', 'B', '?'], ['C', '?', '?'], ['?', 'A', 'D']]
l = E
cake = [['F', 'F', 'F'], ['E', 'B', '?'], ['C', '?', '?'], ['?', 'A', 'D']]
l = B
l = ?
cake = [['F', 'F', 'F'], ['E', 'B', 'B'], ['C', '?', '?'], ['?', 'A', 'D']]
l = C
cake = [['F', 'F', 'F'], ['E', 'B', 'B'], ['C', '?', '?'], ['?', 'A', 'D']]
l = ?
cake = [['F', 'F', 'F'], ['E', 'B', 'B'], ['C', 'C', '?'], ['?', 'A', 'D']]
l = ?
cake = [['F', 'F', 'F'], ['E', 'B', 'B'], ['C', 'C', 'C'], ['?', 'A', 'D']]
l = ?
cake = [['F', 'F', 'F'], ['E', 'B', 'B'], ['C', 'C', 'C'], ['?', 'A', 'D']]
l = A
cake = [['F', 'F', 'F'], ['E', 'B', 'B'], ['C', 'C', 'C'], ['A', 'A', 'D']]
l = D
Case #7: 
FFF
EBB
CCC
AAD
cake = [['?', 'A', '?', '?'], ['D', 'F', 'C', '?'], ['B', 'E', 'G', '?']]
l = ?
cake = [['?', 'A', '?', '?'], ['D', 'F', 'C', '?'], ['B', 'E', 'G', '?']]
l = A
cake = [['A', 'A', '?', '?'], ['D', 'F', 'C', '?'], ['B', 'E', 'G', '?']]
l = ?
cake = [['A', 'A', 'A', '?'], ['D', 'F', 'C', '?'], ['B', 'E', 'G', '?']]
l = ?
cake = [['A', 'A', 'A', 'A'], ['D', 'F', 'C', '?'], ['B', 'E', 'G', '?']]
l = D
cake = [['A', 'A', 'A', 'A'], ['D', 'F', 'C', '?'], ['B', 'E', 'G', '?']]
l = F
l = C
l = ?
cake = [['A', 'A', 'A', 'A'], ['D', 'F', 'C', 'C'], ['B', 'E', 'G', '?']]
l = B
cake = [['A', 'A', 'A', 'A'], ['D', 'F', 'C', 'C'], ['B', 'E', 'G', '?']]
l = E
l = G
l = ?
cake = [['A', 'A', 'A', 'A'], ['D', 'F', 'C', 'C'], ['B', 'E', 'G', 'G']]
Case #8: 
AAAA
DFCC
BEGG
cake = [['A', 'D', 'B'], ['C', 'F', '?'], ['E', '?', '?'], ['?', '?', '?']]
l = A
cake = [['A', 'D', 'B'], ['C', 'F', '?'], ['E', '?', '?'], ['?', '?', '?']]
l = D
l = B
l = C
cake = [['A', 'D', 'B'], ['C', 'F', '?'], ['E', '?', '?'], ['?', '?', '?']]
l = F
l = ?
cake = [['A', 'D', 'B'], ['C', 'F', 'F'], ['E', '?', '?'], ['?', '?', '?']]
l = E
cake = [['A', 'D', 'B'], ['C', 'F', 'F'], ['E', '?', '?'], ['?', '?', '?']]
l = ?
cake = [['A', 'D', 'B'], ['C', 'F', 'F'], ['E', 'E', '?'], ['?', '?', '?']]
l = ?
cake = [['A', 'D', 'B'], ['C', 'F', 'F'], ['E', 'E', 'E'], ['?', '?', '?']]
l = ?
cake = [['A', 'D', 'B'], ['C', 'F', 'F'], ['E', 'E', 'E'], ['?', '?', '?']]
l = ?
cake = [['A', 'D', 'B'], ['C', 'F', 'F'], ['E', 'E', 'E'], ['?', '?', '?']]
l = ?
cake = [['A', 'D', 'B'], ['C', 'F', 'F'], ['E', 'E', 'E'], ['?', '?', '?']]
Case #9: 
ADB
CFF
EEE
EEE
cake = [['D', 'F', 'E'], ['A', 'B', '?'], ['C', '?', '?'], ['?', '?', '?']]
l = D
cake = [['D', 'F', 'E'], ['A', 'B', '?'], ['C', '?', '?'], ['?', '?', '?']]
l = F
l = E
l = A
cake = [['D', 'F', 'E'], ['A', 'B', '?'], ['C', '?', '?'], ['?', '?', '?']]
l = B
l = ?
cake = [['D', 'F', 'E'], ['A', 'B', 'B'], ['C', '?', '?'], ['?', '?', '?']]
l = C
cake = [['D', 'F', 'E'], ['A', 'B', 'B'], ['C', '?', '?'], ['?', '?', '?']]
l = ?
cake = [['D', 'F', 'E'], ['A', 'B', 'B'], ['C', 'C', '?'], ['?', '?', '?']]
l = ?
cake = [['D', 'F', 'E'], ['A', 'B', 'B'], ['C', 'C', 'C'], ['?', '?', '?']]
l = ?
cake = [['D', 'F', 'E'], ['A', 'B', 'B'], ['C', 'C', 'C'], ['?', '?', '?']]
l = ?
cake = [['D', 'F', 'E'], ['A', 'B', 'B'], ['C', 'C', 'C'], ['?', '?', '?']]
l = ?
cake = [['D', 'F', 'E'], ['A', 'B', 'B'], ['C', 'C', 'C'], ['?', '?', '?']]
Case #10: 
DFE
ABB
CCC
CCC
cake = [['A'], ['?'], ['B'], ['?'], ['C'], ['?'], ['D'], ['?'], ['E'], ['?'], ['F'], ['?']]
l = A
cake = [['A'], ['?'], ['B'], ['?'], ['C'], ['?'], ['D'], ['?'], ['E'], ['?'], ['F'], ['?']]
l = ?
cake = [['A'], ['?'], ['B'], ['?'], ['C'], ['?'], ['D'], ['?'], ['E'], ['?'], ['F'], ['?']]
l = B
cake = [['A'], ['A'], ['B'], ['?'], ['C'], ['?'], ['D'], ['?'], ['E'], ['?'], ['F'], ['?']]
l = ?
cake = [['A'], ['A'], ['B'], ['?'], ['C'], ['?'], ['D'], ['?'], ['E'], ['?'], ['F'], ['?']]
l = C
cake = [['A'], ['A'], ['B'], ['B'], ['C'], ['?'], ['D'], ['?'], ['E'], ['?'], ['F'], ['?']]
l = ?
cake = [['A'], ['A'], ['B'], ['B'], ['C'], ['?'], ['D'], ['?'], ['E'], ['?'], ['F'], ['?']]
l = D
cake = [['A'], ['A'], ['B'], ['B'], ['C'], ['C'], ['D'], ['?'], ['E'], ['?'], ['F'], ['?']]
l = ?
cake = [['A'], ['A'], ['B'], ['B'], ['C'], ['C'], ['D'], ['?'], ['E'], ['?'], ['F'], ['?']]
l = E
cake = [['A'], ['A'], ['B'], ['B'], ['C'], ['C'], ['D'], ['D'], ['E'], ['?'], ['F'], ['?']]
l = ?
cake = [['A'], ['A'], ['B'], ['B'], ['C'], ['C'], ['D'], ['D'], ['E'], ['?'], ['F'], ['?']]
l = F
cake = [['A'], ['A'], ['B'], ['B'], ['C'], ['C'], ['D'], ['D'], ['E'], ['E'], ['F'], ['?']]
l = ?
cake = [['A'], ['A'], ['B'], ['B'], ['C'], ['C'], ['D'], ['D'], ['E'], ['E'], ['F'], ['?']]
Case #11: 
A
A
B
B
C
C
D
D
E
E
F
F
cake = [['A', '?', 'B'], ['?', 'C', '?'], ['D', '?', 'E'], ['?', 'F', '?']]
l = A
cake = [['A', '?', 'B'], ['?', 'C', '?'], ['D', '?', 'E'], ['?', 'F', '?']]
l = ?
cake = [['A', 'A', 'B'], ['?', 'C', '?'], ['D', '?', 'E'], ['?', 'F', '?']]
l = B
l = ?
cake = [['A', 'A', 'B'], ['?', 'C', '?'], ['D', '?', 'E'], ['?', 'F', '?']]
l = C
cake = [['A', 'A', 'B'], ['C', 'C', '?'], ['D', '?', 'E'], ['?', 'F', '?']]
l = ?
cake = [['A', 'A', 'B'], ['C', 'C', 'C'], ['D', '?', 'E'], ['?', 'F', '?']]
l = D
cake = [['A', 'A', 'B'], ['C', 'C', 'C'], ['D', '?', 'E'], ['?', 'F', '?']]
l = ?
cake = [['A', 'A', 'B'], ['C', 'C', 'C'], ['D', 'D', 'E'], ['?', 'F', '?']]
l = E
l = ?
cake = [['A', 'A', 'B'], ['C', 'C', 'C'], ['D', 'D', 'E'], ['?', 'F', '?']]
l = F
cake = [['A', 'A', 'B'], ['C', 'C', 'C'], ['D', 'D', 'E'], ['F', 'F', '?']]
l = ?
cake = [['A', 'A', 'B'], ['C', 'C', 'C'], ['D', 'D', 'E'], ['F', 'F', 'F']]
Case #12: 
AAB
CCC
DDE
FFF
cake = [['?', '?', '?', '?'], ['?', '?', '?', '?'], ['A', 'B', 'C', 'D']]
l = ?
cake = [['?', '?', '?', '?'], ['?', '?', '?', '?'], ['A', 'B', 'C', 'D']]
l = ?
cake = [['?', '?', '?', '?'], ['?', '?', '?', '?'], ['A', 'B', 'C', 'D']]
l = ?
cake = [['?', '?', '?', '?'], ['?', '?', '?', '?'], ['A', 'B', 'C', 'D']]
l = ?
cake = [['?', '?', '?', '?'], ['?', '?', '?', '?'], ['A', 'B', 'C', 'D']]
l = ?
cake = [['?', '?', '?', '?'], ['?', '?', '?', '?'], ['A', 'B', 'C', 'D']]
l = ?
cake = [['?', '?', '?', '?'], ['?', '?', '?', '?'], ['A', 'B', 'C', 'D']]
l = ?
cake = [['?', '?', '?', '?'], ['?', '?', '?', '?'], ['A', 'B', 'C', 'D']]
l = ?
cake = [['?', '?', '?', '?'], ['?', '?', '?', '?'], ['A', 'B', 'C', 'D']]
l = A
cake = [['?', '?', '?', '?'], ['?', '?', '?', '?'], ['A', 'B', 'C', 'D']]
l = B
l = C
l = D
Case #13: 
ABCD
ABCD
ABCD
cake = [['?', 'B', 'A']]
l = ?
cake = [['?', 'B', 'A']]
l = B
cake = [['B', 'B', 'A']]
l = A
Case #14: 
BBA
cake = [['A', 'B', 'C'], ['D', '?', '?'], ['?', '?', 'E']]
l = A
cake = [['A', 'B', 'C'], ['D', '?', '?'], ['?', '?', 'E']]
l = B
l = C
l = D
cake = [['A', 'B', 'C'], ['D', '?', '?'], ['?', '?', 'E']]
l = ?
cake = [['A', 'B', 'C'], ['D', 'D', '?'], ['?', '?', 'E']]
l = ?
cake = [['A', 'B', 'C'], ['D', 'D', 'D'], ['?', '?', 'E']]
l = ?
cake = [['A', 'B', 'C'], ['D', 'D', 'D'], ['?', '?', 'E']]
l = ?
cake = [['A', 'B', 'C'], ['D', 'D', 'D'], ['?', '?', 'E']]
l = E
cake = [['A', 'B', 'C'], ['D', 'D', 'D'], ['E', 'E', 'E']]
Case #15: 
ABC
DDD
EEE
cake = [['A', 'B'], ['C', 'D']]
l = A
cake = [['A', 'B'], ['C', 'D']]
l = B
l = C
cake = [['A', 'B'], ['C', 'D']]
l = D
Case #16: 
AB
CD
cake = [['?', 'B', 'A', 'C'], ['?', 'I', 'H', 'E'], ['F', 'G', 'J', 'D']]
l = ?
cake = [['?', 'B', 'A', 'C'], ['?', 'I', 'H', 'E'], ['F', 'G', 'J', 'D']]
l = B
cake = [['B', 'B', 'A', 'C'], ['?', 'I', 'H', 'E'], ['F', 'G', 'J', 'D']]
l = A
l = C
l = ?
cake = [['B', 'B', 'A', 'C'], ['?', 'I', 'H', 'E'], ['F', 'G', 'J', 'D']]
l = I
cake = [['B', 'B', 'A', 'C'], ['I', 'I', 'H', 'E'], ['F', 'G', 'J', 'D']]
l = H
l = E
l = F
cake = [['B', 'B', 'A', 'C'], ['I', 'I', 'H', 'E'], ['F', 'G', 'J', 'D']]
l = G
l = J
l = D
Case #17: 
BBAC
IIHE
FGJD
cake = [['C', 'E', 'D'], ['A', 'B', '?'], ['?', '?', '?'], ['?', '?', '?']]
l = C
cake = [['C', 'E', 'D'], ['A', 'B', '?'], ['?', '?', '?'], ['?', '?', '?']]
l = E
l = D
l = A
cake = [['C', 'E', 'D'], ['A', 'B', '?'], ['?', '?', '?'], ['?', '?', '?']]
l = B
l = ?
cake = [['C', 'E', 'D'], ['A', 'B', 'B'], ['?', '?', '?'], ['?', '?', '?']]
l = ?
cake = [['C', 'E', 'D'], ['A', 'B', 'B'], ['?', '?', '?'], ['?', '?', '?']]
l = ?
cake = [['C', 'E', 'D'], ['A', 'B', 'B'], ['?', '?', '?'], ['?', '?', '?']]
l = ?
cake = [['C', 'E', 'D'], ['A', 'B', 'B'], ['?', '?', '?'], ['?', '?', '?']]
l = ?
cake = [['C', 'E', 'D'], ['A', 'B', 'B'], ['A', 'B', 'B'], ['?', '?', '?']]
l = ?
cake = [['C', 'E', 'D'], ['A', 'B', 'B'], ['A', 'B', 'B'], ['?', '?', '?']]
l = ?
cake = [['C', 'E', 'D'], ['A', 'B', 'B'], ['A', 'B', 'B'], ['?', '?', '?']]
Case #18: 
CED
ABB
ABB
ABB
cake = [['B', '?', 'D', 'E'], ['?', 'C', '?', '?'], ['?', 'A', '?', '?']]
l = B
cake = [['B', '?', 'D', 'E'], ['?', 'C', '?', '?'], ['?', 'A', '?', '?']]
l = ?
cake = [['B', 'B', 'D', 'E'], ['?', 'C', '?', '?'], ['?', 'A', '?', '?']]
l = D
l = E
l = ?
cake = [['B', 'B', 'D', 'E'], ['?', 'C', '?', '?'], ['?', 'A', '?', '?']]
l = C
cake = [['B', 'B', 'D', 'E'], ['C', 'C', '?', '?'], ['?', 'A', '?', '?']]
l = ?
cake = [['B', 'B', 'D', 'E'], ['C', 'C', 'C', '?'], ['?', 'A', '?', '?']]
l = ?
cake = [['B', 'B', 'D', 'E'], ['C', 'C', 'C', 'C'], ['?', 'A', '?', '?']]
l = ?
cake = [['B', 'B', 'D', 'E'], ['C', 'C', 'C', 'C'], ['?', 'A', '?', '?']]
l = A
cake = [['B', 'B', 'D', 'E'], ['C', 'C', 'C', 'C'], ['A', 'A', '?', '?']]
l = ?
cake = [['B', 'B', 'D', 'E'], ['C', 'C', 'C', 'C'], ['A', 'A', 'A', '?']]
l = ?
cake = [['B', 'B', 'D', 'E'], ['C', 'C', 'C', 'C'], ['A', 'A', 'A', 'A']]
Case #19: 
BBDE
CCCC
AAAA
cake = [['A'], ['?']]
l = A
cake = [['A'], ['?']]
l = ?
cake = [['A'], ['?']]
Case #20: 
A
A
cake = [['?', 'A', '?', '?'], ['?', 'B', '?', '?'], ['?', 'C', '?', '?']]
l = ?
cake = [['?', 'A', '?', '?'], ['?', 'B', '?', '?'], ['?', 'C', '?', '?']]
l = A
cake = [['A', 'A', '?', '?'], ['?', 'B', '?', '?'], ['?', 'C', '?', '?']]
l = ?
cake = [['A', 'A', 'A', '?'], ['?', 'B', '?', '?'], ['?', 'C', '?', '?']]
l = ?
cake = [['A', 'A', 'A', 'A'], ['?', 'B', '?', '?'], ['?', 'C', '?', '?']]
l = ?
cake = [['A', 'A', 'A', 'A'], ['?', 'B', '?', '?'], ['?', 'C', '?', '?']]
l = B
cake = [['A', 'A', 'A', 'A'], ['B', 'B', '?', '?'], ['?', 'C', '?', '?']]
l = ?
cake = [['A', 'A', 'A', 'A'], ['B', 'B', 'B', '?'], ['?', 'C', '?', '?']]
l = ?
cake = [['A', 'A', 'A', 'A'], ['B', 'B', 'B', 'B'], ['?', 'C', '?', '?']]
l = ?
cake = [['A', 'A', 'A', 'A'], ['B', 'B', 'B', 'B'], ['?', 'C', '?', '?']]
l = C
cake = [['A', 'A', 'A', 'A'], ['B', 'B', 'B', 'B'], ['C', 'C', '?', '?']]
l = ?
cake = [['A', 'A', 'A', 'A'], ['B', 'B', 'B', 'B'], ['C', 'C', 'C', '?']]
l = ?
cake = [['A', 'A', 'A', 'A'], ['B', 'B', 'B', 'B'], ['C', 'C', 'C', 'C']]
Case #21: 
AAAA
BBBB
CCCC
cake = [['A', 'B', 'E'], ['D', 'G', 'I'], ['L', 'C', 'H'], ['F', 'K', 'J']]
l = A
cake = [['A', 'B', 'E'], ['D', 'G', 'I'], ['L', 'C', 'H'], ['F', 'K', 'J']]
l = B
l = E
l = D
cake = [['A', 'B', 'E'], ['D', 'G', 'I'], ['L', 'C', 'H'], ['F', 'K', 'J']]
l = G
l = I
l = L
cake = [['A', 'B', 'E'], ['D', 'G', 'I'], ['L', 'C', 'H'], ['F', 'K', 'J']]
l = C
l = H
l = F
cake = [['A', 'B', 'E'], ['D', 'G', 'I'], ['L', 'C', 'H'], ['F', 'K', 'J']]
l = K
l = J
Case #22: 
ABE
DGI
LCH
FKJ
cake = [['F', 'C', 'H', 'G'], ['D', 'L', 'E', 'J'], ['A', 'B', 'K', 'I']]
l = F
cake = [['F', 'C', 'H', 'G'], ['D', 'L', 'E', 'J'], ['A', 'B', 'K', 'I']]
l = C
l = H
l = G
l = D
cake = [['F', 'C', 'H', 'G'], ['D', 'L', 'E', 'J'], ['A', 'B', 'K', 'I']]
l = L
l = E
l = J
l = A
cake = [['F', 'C', 'H', 'G'], ['D', 'L', 'E', 'J'], ['A', 'B', 'K', 'I']]
l = B
l = K
l = I
Case #23: 
FCHG
DLEJ
ABKI
cake = [['A', 'C', '?', '?'], ['?', '?', '?', 'E'], ['B', '?', 'D', 'F']]
l = A
cake = [['A', 'C', '?', '?'], ['?', '?', '?', 'E'], ['B', '?', 'D', 'F']]
l = C
l = ?
cake = [['A', 'C', 'C', '?'], ['?', '?', '?', 'E'], ['B', '?', 'D', 'F']]
l = ?
cake = [['A', 'C', 'C', 'C'], ['?', '?', '?', 'E'], ['B', '?', 'D', 'F']]
l = ?
cake = [['A', 'C', 'C', 'C'], ['?', '?', '?', 'E'], ['B', '?', 'D', 'F']]
l = ?
cake = [['A', 'C', 'C', 'C'], ['?', '?', '?', 'E'], ['B', '?', 'D', 'F']]
l = ?
cake = [['A', 'C', 'C', 'C'], ['?', '?', '?', 'E'], ['B', '?', 'D', 'F']]
l = E
cake = [['A', 'C', 'C', 'C'], ['E', 'E', 'E', 'E'], ['B', '?', 'D', 'F']]
l = B
cake = [['A', 'C', 'C', 'C'], ['E', 'E', 'E', 'E'], ['B', '?', 'D', 'F']]
l = ?
cake = [['A', 'C', 'C', 'C'], ['E', 'E', 'E', 'E'], ['B', 'B', 'D', 'F']]
l = D
l = F
Case #24: 
ACCC
EEEE
BBDF
cake = [['B', 'A', 'L'], ['I', 'D', 'H'], ['G', 'J', 'C'], ['E', 'K', 'F']]
l = B
cake = [['B', 'A', 'L'], ['I', 'D', 'H'], ['G', 'J', 'C'], ['E', 'K', 'F']]
l = A
l = L
l = I
cake = [['B', 'A', 'L'], ['I', 'D', 'H'], ['G', 'J', 'C'], ['E', 'K', 'F']]
l = D
l = H
l = G
cake = [['B', 'A', 'L'], ['I', 'D', 'H'], ['G', 'J', 'C'], ['E', 'K', 'F']]
l = J
l = C
l = E
cake = [['B', 'A', 'L'], ['I', 'D', 'H'], ['G', 'J', 'C'], ['E', 'K', 'F']]
l = K
l = F
Case #25: 
BAL
IDH
GJC
EKF
cake = [['?', '?', '?', '?'], ['A', 'B', 'C', 'D'], ['?', '?', '?', '?']]
l = ?
cake = [['?', '?', '?', '?'], ['A', 'B', 'C', 'D'], ['?', '?', '?', '?']]
l = ?
cake = [['?', '?', '?', '?'], ['A', 'B', 'C', 'D'], ['?', '?', '?', '?']]
l = ?
cake = [['?', '?', '?', '?'], ['A', 'B', 'C', 'D'], ['?', '?', '?', '?']]
l = ?
cake = [['?', '?', '?', '?'], ['A', 'B', 'C', 'D'], ['?', '?', '?', '?']]
l = A
cake = [['?', '?', '?', '?'], ['A', 'B', 'C', 'D'], ['?', '?', '?', '?']]
l = B
l = C
l = D
l = ?
cake = [['A', 'B', 'C', 'D'], ['A', 'B', 'C', 'D'], ['?', '?', '?', '?']]
l = ?
cake = [['A', 'B', 'C', 'D'], ['A', 'B', 'C', 'D'], ['?', '?', '?', '?']]
l = ?
cake = [['A', 'B', 'C', 'D'], ['A', 'B', 'C', 'D'], ['?', '?', '?', '?']]
l = ?
cake = [['A', 'B', 'C', 'D'], ['A', 'B', 'C', 'D'], ['?', '?', '?', '?']]
Case #26: 
ABCD
ABCD
ABCD
cake = [['?', '?', 'A'], ['?', '?', '?']]
l = ?
cake = [['?', '?', 'A'], ['?', '?', '?']]
l = ?
cake = [['?', '?', 'A'], ['?', '?', '?']]
l = A
cake = [['A', 'A', 'A'], ['?', '?', '?']]
l = ?
cake = [['A', 'A', 'A'], ['?', '?', '?']]
l = ?
cake = [['A', 'A', 'A'], ['?', '?', '?']]
l = ?
cake = [['A', 'A', 'A'], ['?', '?', '?']]
Case #27: 
AAA
AAA
cake = [['?', 'D', 'B'], ['A', 'C', 'F'], ['E', '?', '?'], ['?', '?', '?']]
l = ?
cake = [['?', 'D', 'B'], ['A', 'C', 'F'], ['E', '?', '?'], ['?', '?', '?']]
l = D
cake = [['D', 'D', 'B'], ['A', 'C', 'F'], ['E', '?', '?'], ['?', '?', '?']]
l = B
l = A
cake = [['D', 'D', 'B'], ['A', 'C', 'F'], ['E', '?', '?'], ['?', '?', '?']]
l = C
l = F
l = E
cake = [['D', 'D', 'B'], ['A', 'C', 'F'], ['E', '?', '?'], ['?', '?', '?']]
l = ?
cake = [['D', 'D', 'B'], ['A', 'C', 'F'], ['E', 'E', '?'], ['?', '?', '?']]
l = ?
cake = [['D', 'D', 'B'], ['A', 'C', 'F'], ['E', 'E', 'E'], ['?', '?', '?']]
l = ?
cake = [['D', 'D', 'B'], ['A', 'C', 'F'], ['E', 'E', 'E'], ['?', '?', '?']]
l = ?
cake = [['D', 'D', 'B'], ['A', 'C', 'F'], ['E', 'E', 'E'], ['?', '?', '?']]
l = ?
cake = [['D', 'D', 'B'], ['A', 'C', 'F'], ['E', 'E', 'E'], ['?', '?', '?']]
Case #28: 
DDB
ACF
EEE
EEE
cake = [['A', 'B', '?'], ['?', 'C', '?']]
l = A
cake = [['A', 'B', '?'], ['?', 'C', '?']]
l = B
l = ?
cake = [['A', 'B', 'B'], ['?', 'C', '?']]
l = ?
cake = [['A', 'B', 'B'], ['?', 'C', '?']]
l = C
cake = [['A', 'B', 'B'], ['C', 'C', '?']]
l = ?
cake = [['A', 'B', 'B'], ['C', 'C', 'C']]
Case #29: 
ABB
CCC
cake = [['C', '?', '?'], ['?', 'D', 'E'], ['A', 'B', '?'], ['?', '?', 'F']]
l = C
cake = [['C', '?', '?'], ['?', 'D', 'E'], ['A', 'B', '?'], ['?', '?', 'F']]
l = ?
cake = [['C', 'C', '?'], ['?', 'D', 'E'], ['A', 'B', '?'], ['?', '?', 'F']]
l = ?
cake = [['C', 'C', 'C'], ['?', 'D', 'E'], ['A', 'B', '?'], ['?', '?', 'F']]
l = ?
cake = [['C', 'C', 'C'], ['?', 'D', 'E'], ['A', 'B', '?'], ['?', '?', 'F']]
l = D
cake = [['C', 'C', 'C'], ['D', 'D', 'E'], ['A', 'B', '?'], ['?', '?', 'F']]
l = E
l = A
cake = [['C', 'C', 'C'], ['D', 'D', 'E'], ['A', 'B', '?'], ['?', '?', 'F']]
l = B
l = ?
cake = [['C', 'C', 'C'], ['D', 'D', 'E'], ['A', 'B', 'B'], ['?', '?', 'F']]
l = ?
cake = [['C', 'C', 'C'], ['D', 'D', 'E'], ['A', 'B', 'B'], ['?', '?', 'F']]
l = ?
cake = [['C', 'C', 'C'], ['D', 'D', 'E'], ['A', 'B', 'B'], ['?', '?', 'F']]
l = F
cake = [['C', 'C', 'C'], ['D', 'D', 'E'], ['A', 'B', 'B'], ['F', 'F', 'F']]
Case #30: 
CCC
DDE
ABB
FFF
cake = [['?', '?'], ['A', '?']]
l = ?
cake = [['?', '?'], ['A', '?']]
l = ?
cake = [['?', '?'], ['A', '?']]
l = A
cake = [['?', '?'], ['A', '?']]
l = ?
cake = [['?', '?'], ['A', 'A']]
Case #31: 
AA
AA
cake = [['C', 'D', 'E'], ['F', 'B', 'A']]
l = C
cake = [['C', 'D', 'E'], ['F', 'B', 'A']]
l = D
l = E
l = F
cake = [['C', 'D', 'E'], ['F', 'B', 'A']]
l = B
l = A
Case #32: 
CDE
FBA
cake = [['A', 'C', '?'], ['G', 'E', 'D'], ['I', 'J', 'B'], ['F', 'H', '?']]
l = A
cake = [['A', 'C', '?'], ['G', 'E', 'D'], ['I', 'J', 'B'], ['F', 'H', '?']]
l = C
l = ?
cake = [['A', 'C', 'C'], ['G', 'E', 'D'], ['I', 'J', 'B'], ['F', 'H', '?']]
l = G
cake = [['A', 'C', 'C'], ['G', 'E', 'D'], ['I', 'J', 'B'], ['F', 'H', '?']]
l = E
l = D
l = I
cake = [['A', 'C', 'C'], ['G', 'E', 'D'], ['I', 'J', 'B'], ['F', 'H', '?']]
l = J
l = B
l = F
cake = [['A', 'C', 'C'], ['G', 'E', 'D'], ['I', 'J', 'B'], ['F', 'H', '?']]
l = H
l = ?
cake = [['A', 'C', 'C'], ['G', 'E', 'D'], ['I', 'J', 'B'], ['F', 'H', 'H']]
Case #33: 
ACC
GED
IJB
FHH
cake = [['A']]
l = A
cake = [['A']]
Case #34: 
A
cake = [['?', '?', '?', 'B'], ['E', '?', '?', '?'], ['D', '?', 'C', 'A']]
l = ?
cake = [['?', '?', '?', 'B'], ['E', '?', '?', '?'], ['D', '?', 'C', 'A']]
l = ?
cake = [['?', '?', '?', 'B'], ['E', '?', '?', '?'], ['D', '?', 'C', 'A']]
l = ?
cake = [['?', '?', '?', 'B'], ['E', '?', '?', '?'], ['D', '?', 'C', 'A']]
l = B
cake = [['B', 'B', 'B', 'B'], ['E', '?', '?', '?'], ['D', '?', 'C', 'A']]
l = E
cake = [['B', 'B', 'B', 'B'], ['E', '?', '?', '?'], ['D', '?', 'C', 'A']]
l = ?
cake = [['B', 'B', 'B', 'B'], ['E', 'E', '?', '?'], ['D', '?', 'C', 'A']]
l = ?
cake = [['B', 'B', 'B', 'B'], ['E', 'E', 'E', '?'], ['D', '?', 'C', 'A']]
l = ?
cake = [['B', 'B', 'B', 'B'], ['E', 'E', 'E', 'E'], ['D', '?', 'C', 'A']]
l = D
cake = [['B', 'B', 'B', 'B'], ['E', 'E', 'E', 'E'], ['D', '?', 'C', 'A']]
l = ?
cake = [['B', 'B', 'B', 'B'], ['E', 'E', 'E', 'E'], ['D', 'D', 'C', 'A']]
l = C
l = A
Case #35: 
BBBB
EEEE
DDCA
cake = [['?', 'J', '?'], ['A', 'G', 'I'], ['F', 'C', 'H'], ['B', 'D', 'E']]
l = ?
cake = [['?', 'J', '?'], ['A', 'G', 'I'], ['F', 'C', 'H'], ['B', 'D', 'E']]
l = J
cake = [['J', 'J', '?'], ['A', 'G', 'I'], ['F', 'C', 'H'], ['B', 'D', 'E']]
l = ?
cake = [['J', 'J', 'J'], ['A', 'G', 'I'], ['F', 'C', 'H'], ['B', 'D', 'E']]
l = A
cake = [['J', 'J', 'J'], ['A', 'G', 'I'], ['F', 'C', 'H'], ['B', 'D', 'E']]
l = G
l = I
l = F
cake = [['J', 'J', 'J'], ['A', 'G', 'I'], ['F', 'C', 'H'], ['B', 'D', 'E']]
l = C
l = H
l = B
cake = [['J', 'J', 'J'], ['A', 'G', 'I'], ['F', 'C', 'H'], ['B', 'D', 'E']]
l = D
l = E
Case #36: 
JJJ
AGI
FCH
BDE
cake = [['?', 'A', '?', '?'], ['?', 'C', 'B', 'D'], ['E', '?', '?', '?']]
l = ?
cake = [['?', 'A', '?', '?'], ['?', 'C', 'B', 'D'], ['E', '?', '?', '?']]
l = A
cake = [['A', 'A', '?', '?'], ['?', 'C', 'B', 'D'], ['E', '?', '?', '?']]
l = ?
cake = [['A', 'A', 'A', '?'], ['?', 'C', 'B', 'D'], ['E', '?', '?', '?']]
l = ?
cake = [['A', 'A', 'A', 'A'], ['?', 'C', 'B', 'D'], ['E', '?', '?', '?']]
l = ?
cake = [['A', 'A', 'A', 'A'], ['?', 'C', 'B', 'D'], ['E', '?', '?', '?']]
l = C
cake = [['A', 'A', 'A', 'A'], ['C', 'C', 'B', 'D'], ['E', '?', '?', '?']]
l = B
l = D
l = E
cake = [['A', 'A', 'A', 'A'], ['C', 'C', 'B', 'D'], ['E', '?', '?', '?']]
l = ?
cake = [['A', 'A', 'A', 'A'], ['C', 'C', 'B', 'D'], ['E', 'E', '?', '?']]
l = ?
cake = [['A', 'A', 'A', 'A'], ['C', 'C', 'B', 'D'], ['E', 'E', 'E', '?']]
l = ?
cake = [['A', 'A', 'A', 'A'], ['C', 'C', 'B', 'D'], ['E', 'E', 'E', 'E']]
Case #37: 
AAAA
CCBD
EEEE
cake = [['D', 'A', 'E'], ['B', '?', 'C']]
l = D
cake = [['D', 'A', 'E'], ['B', '?', 'C']]
l = A
l = E
l = B
cake = [['D', 'A', 'E'], ['B', '?', 'C']]
l = ?
cake = [['D', 'A', 'E'], ['B', 'B', 'C']]
l = C
Case #38: 
DAE
BBC
cake = [['A', '?', 'D', 'E'], ['?', '?', '?', 'C'], ['?', '?', '?', 'B']]
l = A
cake = [['A', '?', 'D', 'E'], ['?', '?', '?', 'C'], ['?', '?', '?', 'B']]
l = ?
cake = [['A', 'A', 'D', 'E'], ['?', '?', '?', 'C'], ['?', '?', '?', 'B']]
l = D
l = E
l = ?
cake = [['A', 'A', 'D', 'E'], ['?', '?', '?', 'C'], ['?', '?', '?', 'B']]
l = ?
cake = [['A', 'A', 'D', 'E'], ['?', '?', '?', 'C'], ['?', '?', '?', 'B']]
l = ?
cake = [['A', 'A', 'D', 'E'], ['?', '?', '?', 'C'], ['?', '?', '?', 'B']]
l = C
cake = [['A', 'A', 'D', 'E'], ['C', 'C', 'C', 'C'], ['?', '?', '?', 'B']]
l = ?
cake = [['A', 'A', 'D', 'E'], ['C', 'C', 'C', 'C'], ['?', '?', '?', 'B']]
l = ?
cake = [['A', 'A', 'D', 'E'], ['C', 'C', 'C', 'C'], ['?', '?', '?', 'B']]
l = ?
cake = [['A', 'A', 'D', 'E'], ['C', 'C', 'C', 'C'], ['?', '?', '?', 'B']]
l = B
cake = [['A', 'A', 'D', 'E'], ['C', 'C', 'C', 'C'], ['B', 'B', 'B', 'B']]
Case #39: 
AADE
CCCC
BBBB
cake = [['?', 'B', 'E', 'A'], ['?', '?', 'D', 'C'], ['?', '?', '?', 'F']]
l = ?
cake = [['?', 'B', 'E', 'A'], ['?', '?', 'D', 'C'], ['?', '?', '?', 'F']]
l = B
cake = [['B', 'B', 'E', 'A'], ['?', '?', 'D', 'C'], ['?', '?', '?', 'F']]
l = E
l = A
l = ?
cake = [['B', 'B', 'E', 'A'], ['?', '?', 'D', 'C'], ['?', '?', '?', 'F']]
l = ?
cake = [['B', 'B', 'E', 'A'], ['?', '?', 'D', 'C'], ['?', '?', '?', 'F']]
l = D
cake = [['B', 'B', 'E', 'A'], ['D', 'D', 'D', 'C'], ['?', '?', '?', 'F']]
l = C
l = ?
cake = [['B', 'B', 'E', 'A'], ['D', 'D', 'D', 'C'], ['?', '?', '?', 'F']]
l = ?
cake = [['B', 'B', 'E', 'A'], ['D', 'D', 'D', 'C'], ['?', '?', '?', 'F']]
l = ?
cake = [['B', 'B', 'E', 'A'], ['D', 'D', 'D', 'C'], ['?', '?', '?', 'F']]
l = F
cake = [['B', 'B', 'E', 'A'], ['D', 'D', 'D', 'C'], ['F', 'F', 'F', 'F']]
Case #40: 
BBEA
DDDC
FFFF
cake = [['?', 'A', 'C'], ['?', 'D', 'B']]
l = ?
cake = [['?', 'A', 'C'], ['?', 'D', 'B']]
l = A
cake = [['A', 'A', 'C'], ['?', 'D', 'B']]
l = C
l = ?
cake = [['A', 'A', 'C'], ['?', 'D', 'B']]
l = D
cake = [['A', 'A', 'C'], ['D', 'D', 'B']]
l = B
Case #41: 
AAC
DDB
cake = [['?', '?', 'D', '?'], ['?', '?', 'B', '?'], ['?', 'C', 'E', 'A']]
l = ?
cake = [['?', '?', 'D', '?'], ['?', '?', 'B', '?'], ['?', 'C', 'E', 'A']]
l = ?
cake = [['?', '?', 'D', '?'], ['?', '?', 'B', '?'], ['?', 'C', 'E', 'A']]
l = D
cake = [['D', 'D', 'D', '?'], ['?', '?', 'B', '?'], ['?', 'C', 'E', 'A']]
l = ?
cake = [['D', 'D', 'D', 'D'], ['?', '?', 'B', '?'], ['?', 'C', 'E', 'A']]
l = ?
cake = [['D', 'D', 'D', 'D'], ['?', '?', 'B', '?'], ['?', 'C', 'E', 'A']]
l = ?
cake = [['D', 'D', 'D', 'D'], ['?', '?', 'B', '?'], ['?', 'C', 'E', 'A']]
l = B
cake = [['D', 'D', 'D', 'D'], ['B', 'B', 'B', '?'], ['?', 'C', 'E', 'A']]
l = ?
cake = [['D', 'D', 'D', 'D'], ['B', 'B', 'B', 'B'], ['?', 'C', 'E', 'A']]
l = ?
cake = [['D', 'D', 'D', 'D'], ['B', 'B', 'B', 'B'], ['?', 'C', 'E', 'A']]
l = C
cake = [['D', 'D', 'D', 'D'], ['B', 'B', 'B', 'B'], ['C', 'C', 'E', 'A']]
l = E
l = A
Case #42: 
DDDD
BBBB
CCEA
cake = [['?', 'E', '?', 'D'], ['C', '?', '?', '?'], ['A', '?', 'B', '?']]
l = ?
cake = [['?', 'E', '?', 'D'], ['C', '?', '?', '?'], ['A', '?', 'B', '?']]
l = E
cake = [['E', 'E', '?', 'D'], ['C', '?', '?', '?'], ['A', '?', 'B', '?']]
l = ?
cake = [['E', 'E', 'E', 'D'], ['C', '?', '?', '?'], ['A', '?', 'B', '?']]
l = D
l = C
cake = [['E', 'E', 'E', 'D'], ['C', '?', '?', '?'], ['A', '?', 'B', '?']]
l = ?
cake = [['E', 'E', 'E', 'D'], ['C', 'C', '?', '?'], ['A', '?', 'B', '?']]
l = ?
cake = [['E', 'E', 'E', 'D'], ['C', 'C', 'C', '?'], ['A', '?', 'B', '?']]
l = ?
cake = [['E', 'E', 'E', 'D'], ['C', 'C', 'C', 'C'], ['A', '?', 'B', '?']]
l = A
cake = [['E', 'E', 'E', 'D'], ['C', 'C', 'C', 'C'], ['A', '?', 'B', '?']]
l = ?
cake = [['E', 'E', 'E', 'D'], ['C', 'C', 'C', 'C'], ['A', 'A', 'B', '?']]
l = B
l = ?
cake = [['E', 'E', 'E', 'D'], ['C', 'C', 'C', 'C'], ['A', 'A', 'B', 'B']]
Case #43: 
EEED
CCCC
AABB
cake = [['J', 'F', 'D', 'L'], ['G', 'H', 'E', 'K'], ['A', 'B', 'I', 'C']]
l = J
cake = [['J', 'F', 'D', 'L'], ['G', 'H', 'E', 'K'], ['A', 'B', 'I', 'C']]
l = F
l = D
l = L
l = G
cake = [['J', 'F', 'D', 'L'], ['G', 'H', 'E', 'K'], ['A', 'B', 'I', 'C']]
l = H
l = E
l = K
l = A
cake = [['J', 'F', 'D', 'L'], ['G', 'H', 'E', 'K'], ['A', 'B', 'I', 'C']]
l = B
l = I
l = C
Case #44: 
JFDL
GHEK
ABIC
cake = [['B', '?', 'F'], ['E', '?', 'D'], ['A', '?', 'C'], ['?', '?', '?']]
l = B
cake = [['B', '?', 'F'], ['E', '?', 'D'], ['A', '?', 'C'], ['?', '?', '?']]
l = ?
cake = [['B', 'B', 'F'], ['E', '?', 'D'], ['A', '?', 'C'], ['?', '?', '?']]
l = F
l = E
cake = [['B', 'B', 'F'], ['E', '?', 'D'], ['A', '?', 'C'], ['?', '?', '?']]
l = ?
cake = [['B', 'B', 'F'], ['E', 'E', 'D'], ['A', '?', 'C'], ['?', '?', '?']]
l = D
l = A
cake = [['B', 'B', 'F'], ['E', 'E', 'D'], ['A', '?', 'C'], ['?', '?', '?']]
l = ?
cake = [['B', 'B', 'F'], ['E', 'E', 'D'], ['A', 'A', 'C'], ['?', '?', '?']]
l = C
l = ?
cake = [['B', 'B', 'F'], ['E', 'E', 'D'], ['A', 'A', 'C'], ['?', '?', '?']]
l = ?
cake = [['B', 'B', 'F'], ['E', 'E', 'D'], ['A', 'A', 'C'], ['?', '?', '?']]
l = ?
cake = [['B', 'B', 'F'], ['E', 'E', 'D'], ['A', 'A', 'C'], ['?', '?', '?']]
Case #45: 
BBF
EED
AAC
AAC
cake = [['A', '?', 'B', '?', 'C', '?'], ['?', 'D', '?', 'E', '?', 'F']]
l = A
cake = [['A', '?', 'B', '?', 'C', '?'], ['?', 'D', '?', 'E', '?', 'F']]
l = ?
cake = [['A', 'A', 'B', '?', 'C', '?'], ['?', 'D', '?', 'E', '?', 'F']]
l = B
l = ?
cake = [['A', 'A', 'B', 'B', 'C', '?'], ['?', 'D', '?', 'E', '?', 'F']]
l = C
l = ?
cake = [['A', 'A', 'B', 'B', 'C', 'C'], ['?', 'D', '?', 'E', '?', 'F']]
l = ?
cake = [['A', 'A', 'B', 'B', 'C', 'C'], ['?', 'D', '?', 'E', '?', 'F']]
l = D
cake = [['A', 'A', 'B', 'B', 'C', 'C'], ['D', 'D', '?', 'E', '?', 'F']]
l = ?
cake = [['A', 'A', 'B', 'B', 'C', 'C'], ['D', 'D', 'D', 'E', '?', 'F']]
l = E
l = ?
cake = [['A', 'A', 'B', 'B', 'C', 'C'], ['D', 'D', 'D', 'E', 'E', 'F']]
l = F
Case #46: 
AABBCC
DDDEEF
cake = [['G', 'F', 'C', 'J'], ['E', 'I', 'L', 'A'], ['B', 'D', 'K', 'H']]
l = G
cake = [['G', 'F', 'C', 'J'], ['E', 'I', 'L', 'A'], ['B', 'D', 'K', 'H']]
l = F
l = C
l = J
l = E
cake = [['G', 'F', 'C', 'J'], ['E', 'I', 'L', 'A'], ['B', 'D', 'K', 'H']]
l = I
l = L
l = A
l = B
cake = [['G', 'F', 'C', 'J'], ['E', 'I', 'L', 'A'], ['B', 'D', 'K', 'H']]
l = D
l = K
l = H
Case #47: 
GFCJ
EILA
BDKH
cake = [['A', 'E', 'B'], ['F', 'C', '?'], ['D', '?', '?'], ['?', '?', '?']]
l = A
cake = [['A', 'E', 'B'], ['F', 'C', '?'], ['D', '?', '?'], ['?', '?', '?']]
l = E
l = B
l = F
cake = [['A', 'E', 'B'], ['F', 'C', '?'], ['D', '?', '?'], ['?', '?', '?']]
l = C
l = ?
cake = [['A', 'E', 'B'], ['F', 'C', 'C'], ['D', '?', '?'], ['?', '?', '?']]
l = D
cake = [['A', 'E', 'B'], ['F', 'C', 'C'], ['D', '?', '?'], ['?', '?', '?']]
l = ?
cake = [['A', 'E', 'B'], ['F', 'C', 'C'], ['D', 'D', '?'], ['?', '?', '?']]
l = ?
cake = [['A', 'E', 'B'], ['F', 'C', 'C'], ['D', 'D', 'D'], ['?', '?', '?']]
l = ?
cake = [['A', 'E', 'B'], ['F', 'C', 'C'], ['D', 'D', 'D'], ['?', '?', '?']]
l = ?
cake = [['A', 'E', 'B'], ['F', 'C', 'C'], ['D', 'D', 'D'], ['?', '?', '?']]
l = ?
cake = [['A', 'E', 'B'], ['F', 'C', 'C'], ['D', 'D', 'D'], ['?', '?', '?']]
Case #48: 
AEB
FCC
DDD
DDD
cake = [['?', 'A']]
l = ?
cake = [['?', 'A']]
l = A
cake = [['A', 'A']]
Case #49: 
AA
cake = [['E', 'H', 'D'], ['I', 'G', 'B'], ['?', 'C', 'F'], ['?', '?', 'A']]
l = E
cake = [['E', 'H', 'D'], ['I', 'G', 'B'], ['?', 'C', 'F'], ['?', '?', 'A']]
l = H
l = D
l = I
cake = [['E', 'H', 'D'], ['I', 'G', 'B'], ['?', 'C', 'F'], ['?', '?', 'A']]
l = G
l = B
l = ?
cake = [['E', 'H', 'D'], ['I', 'G', 'B'], ['?', 'C', 'F'], ['?', '?', 'A']]
l = C
cake = [['E', 'H', 'D'], ['I', 'G', 'B'], ['C', 'C', 'F'], ['?', '?', 'A']]
l = F
l = ?
cake = [['E', 'H', 'D'], ['I', 'G', 'B'], ['C', 'C', 'F'], ['?', '?', 'A']]
l = ?
cake = [['E', 'H', 'D'], ['I', 'G', 'B'], ['C', 'C', 'F'], ['?', '?', 'A']]
l = A
cake = [['E', 'H', 'D'], ['I', 'G', 'B'], ['C', 'C', 'F'], ['A', 'A', 'A']]
Case #50: 
EHD
IGB
CCF
AAA
cake = [['?', '?', '?', 'C'], ['D', '?', 'E', '?'], ['?', '?', 'B', 'A']]
l = ?
cake = [['?', '?', '?', 'C'], ['D', '?', 'E', '?'], ['?', '?', 'B', 'A']]
l = ?
cake = [['?', '?', '?', 'C'], ['D', '?', 'E', '?'], ['?', '?', 'B', 'A']]
l = ?
cake = [['?', '?', '?', 'C'], ['D', '?', 'E', '?'], ['?', '?', 'B', 'A']]
l = C
cake = [['C', 'C', 'C', 'C'], ['D', '?', 'E', '?'], ['?', '?', 'B', 'A']]
l = D
cake = [['C', 'C', 'C', 'C'], ['D', '?', 'E', '?'], ['?', '?', 'B', 'A']]
l = ?
cake = [['C', 'C', 'C', 'C'], ['D', 'D', 'E', '?'], ['?', '?', 'B', 'A']]
l = E
l = ?
cake = [['C', 'C', 'C', 'C'], ['D', 'D', 'E', 'E'], ['?', '?', 'B', 'A']]
l = ?
cake = [['C', 'C', 'C', 'C'], ['D', 'D', 'E', 'E'], ['?', '?', 'B', 'A']]
l = ?
cake = [['C', 'C', 'C', 'C'], ['D', 'D', 'E', 'E'], ['?', '?', 'B', 'A']]
l = B
cake = [['C', 'C', 'C', 'C'], ['D', 'D', 'E', 'E'], ['B', 'B', 'B', 'A']]
l = A
Case #51: 
CCCC
DDEE
BBBA
cake = [['?', 'D', '?'], ['?', 'E', 'C'], ['?', '?', 'A'], ['?', 'F', 'B']]
l = ?
cake = [['?', 'D', '?'], ['?', 'E', 'C'], ['?', '?', 'A'], ['?', 'F', 'B']]
l = D
cake = [['D', 'D', '?'], ['?', 'E', 'C'], ['?', '?', 'A'], ['?', 'F', 'B']]
l = ?
cake = [['D', 'D', 'D'], ['?', 'E', 'C'], ['?', '?', 'A'], ['?', 'F', 'B']]
l = ?
cake = [['D', 'D', 'D'], ['?', 'E', 'C'], ['?', '?', 'A'], ['?', 'F', 'B']]
l = E
cake = [['D', 'D', 'D'], ['E', 'E', 'C'], ['?', '?', 'A'], ['?', 'F', 'B']]
l = C
l = ?
cake = [['D', 'D', 'D'], ['E', 'E', 'C'], ['?', '?', 'A'], ['?', 'F', 'B']]
l = ?
cake = [['D', 'D', 'D'], ['E', 'E', 'C'], ['?', '?', 'A'], ['?', 'F', 'B']]
l = A
cake = [['D', 'D', 'D'], ['E', 'E', 'C'], ['A', 'A', 'A'], ['?', 'F', 'B']]
l = ?
cake = [['D', 'D', 'D'], ['E', 'E', 'C'], ['A', 'A', 'A'], ['?', 'F', 'B']]
l = F
cake = [['D', 'D', 'D'], ['E', 'E', 'C'], ['A', 'A', 'A'], ['F', 'F', 'B']]
l = B
Case #52: 
DDD
EEC
AAA
FFB
cake = [['?', '?', '?', 'D'], ['?', '?', 'C', 'A'], ['?', '?', 'E', 'B']]
l = ?
cake = [['?', '?', '?', 'D'], ['?', '?', 'C', 'A'], ['?', '?', 'E', 'B']]
l = ?
cake = [['?', '?', '?', 'D'], ['?', '?', 'C', 'A'], ['?', '?', 'E', 'B']]
l = ?
cake = [['?', '?', '?', 'D'], ['?', '?', 'C', 'A'], ['?', '?', 'E', 'B']]
l = D
cake = [['D', 'D', 'D', 'D'], ['?', '?', 'C', 'A'], ['?', '?', 'E', 'B']]
l = ?
cake = [['D', 'D', 'D', 'D'], ['?', '?', 'C', 'A'], ['?', '?', 'E', 'B']]
l = ?
cake = [['D', 'D', 'D', 'D'], ['?', '?', 'C', 'A'], ['?', '?', 'E', 'B']]
l = C
cake = [['D', 'D', 'D', 'D'], ['C', 'C', 'C', 'A'], ['?', '?', 'E', 'B']]
l = A
l = ?
cake = [['D', 'D', 'D', 'D'], ['C', 'C', 'C', 'A'], ['?', '?', 'E', 'B']]
l = ?
cake = [['D', 'D', 'D', 'D'], ['C', 'C', 'C', 'A'], ['?', '?', 'E', 'B']]
l = E
cake = [['D', 'D', 'D', 'D'], ['C', 'C', 'C', 'A'], ['E', 'E', 'E', 'B']]
l = B
Case #53: 
DDDD
CCCA
EEEB
cake = [['A', '?', '?'], ['?', 'B', '?']]
l = A
cake = [['A', '?', '?'], ['?', 'B', '?']]
l = ?
cake = [['A', 'A', '?'], ['?', 'B', '?']]
l = ?
cake = [['A', 'A', 'A'], ['?', 'B', '?']]
l = ?
cake = [['A', 'A', 'A'], ['?', 'B', '?']]
l = B
cake = [['A', 'A', 'A'], ['B', 'B', '?']]
l = ?
cake = [['A', 'A', 'A'], ['B', 'B', 'B']]
Case #54: 
AAA
BBB
cake = [['E', 'C', '?', '?'], ['?', '?', 'D', 'B'], ['A', '?', '?', '?']]
l = E
cake = [['E', 'C', '?', '?'], ['?', '?', 'D', 'B'], ['A', '?', '?', '?']]
l = C
l = ?
cake = [['E', 'C', 'C', '?'], ['?', '?', 'D', 'B'], ['A', '?', '?', '?']]
l = ?
cake = [['E', 'C', 'C', 'C'], ['?', '?', 'D', 'B'], ['A', '?', '?', '?']]
l = ?
cake = [['E', 'C', 'C', 'C'], ['?', '?', 'D', 'B'], ['A', '?', '?', '?']]
l = ?
cake = [['E', 'C', 'C', 'C'], ['?', '?', 'D', 'B'], ['A', '?', '?', '?']]
l = D
cake = [['E', 'C', 'C', 'C'], ['D', 'D', 'D', 'B'], ['A', '?', '?', '?']]
l = B
l = A
cake = [['E', 'C', 'C', 'C'], ['D', 'D', 'D', 'B'], ['A', '?', '?', '?']]
l = ?
cake = [['E', 'C', 'C', 'C'], ['D', 'D', 'D', 'B'], ['A', 'A', '?', '?']]
l = ?
cake = [['E', 'C', 'C', 'C'], ['D', 'D', 'D', 'B'], ['A', 'A', 'A', '?']]
l = ?
cake = [['E', 'C', 'C', 'C'], ['D', 'D', 'D', 'B'], ['A', 'A', 'A', 'A']]
Case #55: 
ECCC
DDDB
AAAA
cake = [['C', '?', 'F'], ['?', '?', '?'], ['?', 'A', 'B'], ['D', 'E', '?']]
l = C
cake = [['C', '?', 'F'], ['?', '?', '?'], ['?', 'A', 'B'], ['D', 'E', '?']]
l = ?
cake = [['C', 'C', 'F'], ['?', '?', '?'], ['?', 'A', 'B'], ['D', 'E', '?']]
l = F
l = ?
cake = [['C', 'C', 'F'], ['?', '?', '?'], ['?', 'A', 'B'], ['D', 'E', '?']]
l = ?
cake = [['C', 'C', 'F'], ['?', '?', '?'], ['?', 'A', 'B'], ['D', 'E', '?']]
l = ?
cake = [['C', 'C', 'F'], ['?', '?', '?'], ['?', 'A', 'B'], ['D', 'E', '?']]
l = ?
cake = [['C', 'C', 'F'], ['C', 'C', 'F'], ['?', 'A', 'B'], ['D', 'E', '?']]
l = A
cake = [['C', 'C', 'F'], ['C', 'C', 'F'], ['A', 'A', 'B'], ['D', 'E', '?']]
l = B
l = D
cake = [['C', 'C', 'F'], ['C', 'C', 'F'], ['A', 'A', 'B'], ['D', 'E', '?']]
l = E
l = ?
cake = [['C', 'C', 'F'], ['C', 'C', 'F'], ['A', 'A', 'B'], ['D', 'E', 'E']]
Case #56: 
CCF
CCF
AAB
DEE
cake = [['?', '?', 'H', 'G'], ['?', 'D', 'C', 'A'], ['?', 'B', 'E', 'F']]
l = ?
cake = [['?', '?', 'H', 'G'], ['?', 'D', 'C', 'A'], ['?', 'B', 'E', 'F']]
l = ?
cake = [['?', '?', 'H', 'G'], ['?', 'D', 'C', 'A'], ['?', 'B', 'E', 'F']]
l = H
cake = [['H', 'H', 'H', 'G'], ['?', 'D', 'C', 'A'], ['?', 'B', 'E', 'F']]
l = G
l = ?
cake = [['H', 'H', 'H', 'G'], ['?', 'D', 'C', 'A'], ['?', 'B', 'E', 'F']]
l = D
cake = [['H', 'H', 'H', 'G'], ['D', 'D', 'C', 'A'], ['?', 'B', 'E', 'F']]
l = C
l = A
l = ?
cake = [['H', 'H', 'H', 'G'], ['D', 'D', 'C', 'A'], ['?', 'B', 'E', 'F']]
l = B
cake = [['H', 'H', 'H', 'G'], ['D', 'D', 'C', 'A'], ['B', 'B', 'E', 'F']]
l = E
l = F
Case #57: 
HHHG
DDCA
BBEF
cake = [['?', '?', '?', '?'], ['?', '?', 'E', 'D'], ['?', 'A', 'C', 'B']]
l = ?
cake = [['?', '?', '?', '?'], ['?', '?', 'E', 'D'], ['?', 'A', 'C', 'B']]
l = ?
cake = [['?', '?', '?', '?'], ['?', '?', 'E', 'D'], ['?', 'A', 'C', 'B']]
l = ?
cake = [['?', '?', '?', '?'], ['?', '?', 'E', 'D'], ['?', 'A', 'C', 'B']]
l = ?
cake = [['?', '?', '?', '?'], ['?', '?', 'E', 'D'], ['?', 'A', 'C', 'B']]
l = ?
cake = [['?', '?', '?', '?'], ['?', '?', 'E', 'D'], ['?', 'A', 'C', 'B']]
l = ?
cake = [['?', '?', '?', '?'], ['?', '?', 'E', 'D'], ['?', 'A', 'C', 'B']]
l = E
cake = [['?', '?', '?', '?'], ['E', 'E', 'E', 'D'], ['?', 'A', 'C', 'B']]
l = D
l = ?
cake = [['E', 'E', 'E', 'D'], ['E', 'E', 'E', 'D'], ['?', 'A', 'C', 'B']]
l = A
cake = [['E', 'E', 'E', 'D'], ['E', 'E', 'E', 'D'], ['A', 'A', 'C', 'B']]
l = C
l = B
Case #58: 
EEED
EEED
AACB
cake = [['?', '?', '?', 'B'], ['?', 'A', '?', '?']]
l = ?
cake = [['?', '?', '?', 'B'], ['?', 'A', '?', '?']]
l = ?
cake = [['?', '?', '?', 'B'], ['?', 'A', '?', '?']]
l = ?
cake = [['?', '?', '?', 'B'], ['?', 'A', '?', '?']]
l = B
cake = [['B', 'B', 'B', 'B'], ['?', 'A', '?', '?']]
l = ?
cake = [['B', 'B', 'B', 'B'], ['?', 'A', '?', '?']]
l = A
cake = [['B', 'B', 'B', 'B'], ['A', 'A', '?', '?']]
l = ?
cake = [['B', 'B', 'B', 'B'], ['A', 'A', 'A', '?']]
l = ?
cake = [['B', 'B', 'B', 'B'], ['A', 'A', 'A', 'A']]
Case #59: 
BBBB
AAAA
cake = [['?', '?', 'E', 'F'], ['?', 'C', 'H', 'A'], ['D', 'I', 'B', 'G']]
l = ?
cake = [['?', '?', 'E', 'F'], ['?', 'C', 'H', 'A'], ['D', 'I', 'B', 'G']]
l = ?
cake = [['?', '?', 'E', 'F'], ['?', 'C', 'H', 'A'], ['D', 'I', 'B', 'G']]
l = E
cake = [['E', 'E', 'E', 'F'], ['?', 'C', 'H', 'A'], ['D', 'I', 'B', 'G']]
l = F
l = ?
cake = [['E', 'E', 'E', 'F'], ['?', 'C', 'H', 'A'], ['D', 'I', 'B', 'G']]
l = C
cake = [['E', 'E', 'E', 'F'], ['C', 'C', 'H', 'A'], ['D', 'I', 'B', 'G']]
l = H
l = A
l = D
cake = [['E', 'E', 'E', 'F'], ['C', 'C', 'H', 'A'], ['D', 'I', 'B', 'G']]
l = I
l = B
l = G
Case #60: 
EEEF
CCHA
DIBG
cake = [['A', 'B'], ['?', '?'], ['E', '?'], ['C', '?'], ['?', '?'], ['?', 'D']]
l = A
cake = [['A', 'B'], ['?', '?'], ['E', '?'], ['C', '?'], ['?', '?'], ['?', 'D']]
l = B
l = ?
cake = [['A', 'B'], ['?', '?'], ['E', '?'], ['C', '?'], ['?', '?'], ['?', 'D']]
l = ?
cake = [['A', 'B'], ['?', '?'], ['E', '?'], ['C', '?'], ['?', '?'], ['?', 'D']]
l = E
cake = [['A', 'B'], ['A', 'B'], ['E', '?'], ['C', '?'], ['?', '?'], ['?', 'D']]
l = ?
cake = [['A', 'B'], ['A', 'B'], ['E', 'E'], ['C', '?'], ['?', '?'], ['?', 'D']]
l = C
cake = [['A', 'B'], ['A', 'B'], ['E', 'E'], ['C', '?'], ['?', '?'], ['?', 'D']]
l = ?
cake = [['A', 'B'], ['A', 'B'], ['E', 'E'], ['C', 'C'], ['?', '?'], ['?', 'D']]
l = ?
cake = [['A', 'B'], ['A', 'B'], ['E', 'E'], ['C', 'C'], ['?', '?'], ['?', 'D']]
l = ?
cake = [['A', 'B'], ['A', 'B'], ['E', 'E'], ['C', 'C'], ['?', '?'], ['?', 'D']]
l = ?
cake = [['A', 'B'], ['A', 'B'], ['E', 'E'], ['C', 'C'], ['C', 'C'], ['?', 'D']]
l = D
cake = [['A', 'B'], ['A', 'B'], ['E', 'E'], ['C', 'C'], ['C', 'C'], ['D', 'D']]
Case #61: 
AB
AB
EE
CC
CC
DD
cake = [['A', '?', '?'], ['?', '?', 'B'], ['F', '?', 'C'], ['E', 'D', '?']]
l = A
cake = [['A', '?', '?'], ['?', '?', 'B'], ['F', '?', 'C'], ['E', 'D', '?']]
l = ?
cake = [['A', 'A', '?'], ['?', '?', 'B'], ['F', '?', 'C'], ['E', 'D', '?']]
l = ?
cake = [['A', 'A', 'A'], ['?', '?', 'B'], ['F', '?', 'C'], ['E', 'D', '?']]
l = ?
cake = [['A', 'A', 'A'], ['?', '?', 'B'], ['F', '?', 'C'], ['E', 'D', '?']]
l = ?
cake = [['A', 'A', 'A'], ['?', '?', 'B'], ['F', '?', 'C'], ['E', 'D', '?']]
l = B
cake = [['A', 'A', 'A'], ['B', 'B', 'B'], ['F', '?', 'C'], ['E', 'D', '?']]
l = F
cake = [['A', 'A', 'A'], ['B', 'B', 'B'], ['F', '?', 'C'], ['E', 'D', '?']]
l = ?
cake = [['A', 'A', 'A'], ['B', 'B', 'B'], ['F', 'F', 'C'], ['E', 'D', '?']]
l = C
l = E
cake = [['A', 'A', 'A'], ['B', 'B', 'B'], ['F', 'F', 'C'], ['E', 'D', '?']]
l = D
l = ?
cake = [['A', 'A', 'A'], ['B', 'B', 'B'], ['F', 'F', 'C'], ['E', 'D', 'D']]
Case #62: 
AAA
BBB
FFC
EDD
cake = [['J', 'I', 'K'], ['C', 'B', 'E'], ['H', 'G', 'L'], ['A', 'D', 'F']]
l = J
cake = [['J', 'I', 'K'], ['C', 'B', 'E'], ['H', 'G', 'L'], ['A', 'D', 'F']]
l = I
l = K
l = C
cake = [['J', 'I', 'K'], ['C', 'B', 'E'], ['H', 'G', 'L'], ['A', 'D', 'F']]
l = B
l = E
l = H
cake = [['J', 'I', 'K'], ['C', 'B', 'E'], ['H', 'G', 'L'], ['A', 'D', 'F']]
l = G
l = L
l = A
cake = [['J', 'I', 'K'], ['C', 'B', 'E'], ['H', 'G', 'L'], ['A', 'D', 'F']]
l = D
l = F
Case #63: 
JIK
CBE
HGL
ADF
cake = [['?', '?'], ['A', 'B']]
l = ?
cake = [['?', '?'], ['A', 'B']]
l = ?
cake = [['?', '?'], ['A', 'B']]
l = A
cake = [['?', '?'], ['A', 'B']]
l = B
Case #64: 
AB
AB
cake = [['?', '?'], ['?', 'A'], ['?', '?'], ['B', '?']]
l = ?
cake = [['?', '?'], ['?', 'A'], ['?', '?'], ['B', '?']]
l = ?
cake = [['?', '?'], ['?', 'A'], ['?', '?'], ['B', '?']]
l = ?
cake = [['?', '?'], ['?', 'A'], ['?', '?'], ['B', '?']]
l = A
cake = [['?', '?'], ['A', 'A'], ['?', '?'], ['B', '?']]
l = ?
cake = [['A', 'A'], ['A', 'A'], ['?', '?'], ['B', '?']]
l = ?
cake = [['A', 'A'], ['A', 'A'], ['?', '?'], ['B', '?']]
l = B
cake = [['A', 'A'], ['A', 'A'], ['A', 'A'], ['B', '?']]
l = ?
cake = [['A', 'A'], ['A', 'A'], ['A', 'A'], ['B', 'B']]
Case #65: 
AA
AA
AA
BB
cake = [['A', '?', 'B', '?'], ['?', 'C', '?', 'D'], ['E', '?', 'F', '?']]
l = A
cake = [['A', '?', 'B', '?'], ['?', 'C', '?', 'D'], ['E', '?', 'F', '?']]
l = ?
cake = [['A', 'A', 'B', '?'], ['?', 'C', '?', 'D'], ['E', '?', 'F', '?']]
l = B
l = ?
cake = [['A', 'A', 'B', 'B'], ['?', 'C', '?', 'D'], ['E', '?', 'F', '?']]
l = ?
cake = [['A', 'A', 'B', 'B'], ['?', 'C', '?', 'D'], ['E', '?', 'F', '?']]
l = C
cake = [['A', 'A', 'B', 'B'], ['C', 'C', '?', 'D'], ['E', '?', 'F', '?']]
l = ?
cake = [['A', 'A', 'B', 'B'], ['C', 'C', 'C', 'D'], ['E', '?', 'F', '?']]
l = D
l = E
cake = [['A', 'A', 'B', 'B'], ['C', 'C', 'C', 'D'], ['E', '?', 'F', '?']]
l = ?
cake = [['A', 'A', 'B', 'B'], ['C', 'C', 'C', 'D'], ['E', 'E', 'F', '?']]
l = F
l = ?
cake = [['A', 'A', 'B', 'B'], ['C', 'C', 'C', 'D'], ['E', 'E', 'F', 'F']]
Case #66: 
AABB
CCCD
EEFF
cake = [['?', '?', 'B'], ['?', 'C', 'F'], ['A', 'E', 'D'], ['?', '?', '?']]
l = ?
cake = [['?', '?', 'B'], ['?', 'C', 'F'], ['A', 'E', 'D'], ['?', '?', '?']]
l = ?
cake = [['?', '?', 'B'], ['?', 'C', 'F'], ['A', 'E', 'D'], ['?', '?', '?']]
l = B
cake = [['B', 'B', 'B'], ['?', 'C', 'F'], ['A', 'E', 'D'], ['?', '?', '?']]
l = ?
cake = [['B', 'B', 'B'], ['?', 'C', 'F'], ['A', 'E', 'D'], ['?', '?', '?']]
l = C
cake = [['B', 'B', 'B'], ['C', 'C', 'F'], ['A', 'E', 'D'], ['?', '?', '?']]
l = F
l = A
cake = [['B', 'B', 'B'], ['C', 'C', 'F'], ['A', 'E', 'D'], ['?', '?', '?']]
l = E
l = D
l = ?
cake = [['B', 'B', 'B'], ['C', 'C', 'F'], ['A', 'E', 'D'], ['?', '?', '?']]
l = ?
cake = [['B', 'B', 'B'], ['C', 'C', 'F'], ['A', 'E', 'D'], ['?', '?', '?']]
l = ?
cake = [['B', 'B', 'B'], ['C', 'C', 'F'], ['A', 'E', 'D'], ['?', '?', '?']]
Case #67: 
BBB
CCF
AED
AED
cake = [['B', 'D', '?'], ['C', 'G', '?'], ['I', 'H', 'F'], ['A', 'E', '?']]
l = B
cake = [['B', 'D', '?'], ['C', 'G', '?'], ['I', 'H', 'F'], ['A', 'E', '?']]
l = D
l = ?
cake = [['B', 'D', 'D'], ['C', 'G', '?'], ['I', 'H', 'F'], ['A', 'E', '?']]
l = C
cake = [['B', 'D', 'D'], ['C', 'G', '?'], ['I', 'H', 'F'], ['A', 'E', '?']]
l = G
l = ?
cake = [['B', 'D', 'D'], ['C', 'G', 'G'], ['I', 'H', 'F'], ['A', 'E', '?']]
l = I
cake = [['B', 'D', 'D'], ['C', 'G', 'G'], ['I', 'H', 'F'], ['A', 'E', '?']]
l = H
l = F
l = A
cake = [['B', 'D', 'D'], ['C', 'G', 'G'], ['I', 'H', 'F'], ['A', 'E', '?']]
l = E
l = ?
cake = [['B', 'D', 'D'], ['C', 'G', 'G'], ['I', 'H', 'F'], ['A', 'E', 'E']]
Case #68: 
BDD
CGG
IHF
AEE
cake = [['A', '?', 'B', '?', 'C', '?', 'D', '?', 'E', '?', 'F', '?']]
l = A
cake = [['A', '?', 'B', '?', 'C', '?', 'D', '?', 'E', '?', 'F', '?']]
l = ?
cake = [['A', 'A', 'B', '?', 'C', '?', 'D', '?', 'E', '?', 'F', '?']]
l = B
l = ?
cake = [['A', 'A', 'B', 'B', 'C', '?', 'D', '?', 'E', '?', 'F', '?']]
l = C
l = ?
cake = [['A', 'A', 'B', 'B', 'C', 'C', 'D', '?', 'E', '?', 'F', '?']]
l = D
l = ?
cake = [['A', 'A', 'B', 'B', 'C', 'C', 'D', 'D', 'E', '?', 'F', '?']]
l = E
l = ?
cake = [['A', 'A', 'B', 'B', 'C', 'C', 'D', 'D', 'E', 'E', 'F', '?']]
l = F
l = ?
cake = [['A', 'A', 'B', 'B', 'C', 'C', 'D', 'D', 'E', 'E', 'F', 'F']]
Case #69: 
AABBCCDDEEFF
cake = [['?', 'F', 'G', 'B'], ['?', 'D', 'C', 'A'], ['?', '?', 'E', 'H']]
l = ?
cake = [['?', 'F', 'G', 'B'], ['?', 'D', 'C', 'A'], ['?', '?', 'E', 'H']]
l = F
cake = [['F', 'F', 'G', 'B'], ['?', 'D', 'C', 'A'], ['?', '?', 'E', 'H']]
l = G
l = B
l = ?
cake = [['F', 'F', 'G', 'B'], ['?', 'D', 'C', 'A'], ['?', '?', 'E', 'H']]
l = D
cake = [['F', 'F', 'G', 'B'], ['D', 'D', 'C', 'A'], ['?', '?', 'E', 'H']]
l = C
l = A
l = ?
cake = [['F', 'F', 'G', 'B'], ['D', 'D', 'C', 'A'], ['?', '?', 'E', 'H']]
l = ?
cake = [['F', 'F', 'G', 'B'], ['D', 'D', 'C', 'A'], ['?', '?', 'E', 'H']]
l = E
cake = [['F', 'F', 'G', 'B'], ['D', 'D', 'C', 'A'], ['E', 'E', 'E', 'H']]
l = H
Case #70: 
FFGB
DDCA
EEEH
cake = [['L', 'F', 'H', 'E'], ['J', 'B', 'K', 'G'], ['C', 'I', 'D', 'A']]
l = L
cake = [['L', 'F', 'H', 'E'], ['J', 'B', 'K', 'G'], ['C', 'I', 'D', 'A']]
l = F
l = H
l = E
l = J
cake = [['L', 'F', 'H', 'E'], ['J', 'B', 'K', 'G'], ['C', 'I', 'D', 'A']]
l = B
l = K
l = G
l = C
cake = [['L', 'F', 'H', 'E'], ['J', 'B', 'K', 'G'], ['C', 'I', 'D', 'A']]
l = I
l = D
l = A
Case #71: 
LFHE
JBKG
CIDA
cake = [['A', '?', 'B'], ['C', '?', '?'], ['?', '?', 'D'], ['?', 'E', 'F']]
l = A
cake = [['A', '?', 'B'], ['C', '?', '?'], ['?', '?', 'D'], ['?', 'E', 'F']]
l = ?
cake = [['A', 'A', 'B'], ['C', '?', '?'], ['?', '?', 'D'], ['?', 'E', 'F']]
l = B
l = C
cake = [['A', 'A', 'B'], ['C', '?', '?'], ['?', '?', 'D'], ['?', 'E', 'F']]
l = ?
cake = [['A', 'A', 'B'], ['C', 'C', '?'], ['?', '?', 'D'], ['?', 'E', 'F']]
l = ?
cake = [['A', 'A', 'B'], ['C', 'C', 'C'], ['?', '?', 'D'], ['?', 'E', 'F']]
l = ?
cake = [['A', 'A', 'B'], ['C', 'C', 'C'], ['?', '?', 'D'], ['?', 'E', 'F']]
l = ?
cake = [['A', 'A', 'B'], ['C', 'C', 'C'], ['?', '?', 'D'], ['?', 'E', 'F']]
l = D
cake = [['A', 'A', 'B'], ['C', 'C', 'C'], ['D', 'D', 'D'], ['?', 'E', 'F']]
l = ?
cake = [['A', 'A', 'B'], ['C', 'C', 'C'], ['D', 'D', 'D'], ['?', 'E', 'F']]
l = E
cake = [['A', 'A', 'B'], ['C', 'C', 'C'], ['D', 'D', 'D'], ['E', 'E', 'F']]
l = F
Case #72: 
AAB
CCC
DDD
EEF
cake = [['A', '?', '?', '?'], ['?', 'B', '?', '?'], ['?', '?', 'C', '?']]
l = A
cake = [['A', '?', '?', '?'], ['?', 'B', '?', '?'], ['?', '?', 'C', '?']]
l = ?
cake = [['A', 'A', '?', '?'], ['?', 'B', '?', '?'], ['?', '?', 'C', '?']]
l = ?
cake = [['A', 'A', 'A', '?'], ['?', 'B', '?', '?'], ['?', '?', 'C', '?']]
l = ?
cake = [['A', 'A', 'A', 'A'], ['?', 'B', '?', '?'], ['?', '?', 'C', '?']]
l = ?
cake = [['A', 'A', 'A', 'A'], ['?', 'B', '?', '?'], ['?', '?', 'C', '?']]
l = B
cake = [['A', 'A', 'A', 'A'], ['B', 'B', '?', '?'], ['?', '?', 'C', '?']]
l = ?
cake = [['A', 'A', 'A', 'A'], ['B', 'B', 'B', '?'], ['?', '?', 'C', '?']]
l = ?
cake = [['A', 'A', 'A', 'A'], ['B', 'B', 'B', 'B'], ['?', '?', 'C', '?']]
l = ?
cake = [['A', 'A', 'A', 'A'], ['B', 'B', 'B', 'B'], ['?', '?', 'C', '?']]
l = ?
cake = [['A', 'A', 'A', 'A'], ['B', 'B', 'B', 'B'], ['?', '?', 'C', '?']]
l = C
cake = [['A', 'A', 'A', 'A'], ['B', 'B', 'B', 'B'], ['C', 'C', 'C', '?']]
l = ?
cake = [['A', 'A', 'A', 'A'], ['B', 'B', 'B', 'B'], ['C', 'C', 'C', 'C']]
Case #73: 
AAAA
BBBB
CCCC
cake = [['?', 'E', '?', '?'], ['D', '?', 'A', '?'], ['C', 'B', '?', '?']]
l = ?
cake = [['?', 'E', '?', '?'], ['D', '?', 'A', '?'], ['C', 'B', '?', '?']]
l = E
cake = [['E', 'E', '?', '?'], ['D', '?', 'A', '?'], ['C', 'B', '?', '?']]
l = ?
cake = [['E', 'E', 'E', '?'], ['D', '?', 'A', '?'], ['C', 'B', '?', '?']]
l = ?
cake = [['E', 'E', 'E', 'E'], ['D', '?', 'A', '?'], ['C', 'B', '?', '?']]
l = D
cake = [['E', 'E', 'E', 'E'], ['D', '?', 'A', '?'], ['C', 'B', '?', '?']]
l = ?
cake = [['E', 'E', 'E', 'E'], ['D', 'D', 'A', '?'], ['C', 'B', '?', '?']]
l = A
l = ?
cake = [['E', 'E', 'E', 'E'], ['D', 'D', 'A', 'A'], ['C', 'B', '?', '?']]
l = C
cake = [['E', 'E', 'E', 'E'], ['D', 'D', 'A', 'A'], ['C', 'B', '?', '?']]
l = B
l = ?
cake = [['E', 'E', 'E', 'E'], ['D', 'D', 'A', 'A'], ['C', 'B', 'B', '?']]
l = ?
cake = [['E', 'E', 'E', 'E'], ['D', 'D', 'A', 'A'], ['C', 'B', 'B', 'B']]
Case #74: 
EEEE
DDAA
CBBB
cake = [['A'], ['B']]
l = A
cake = [['A'], ['B']]
l = B
cake = [['A'], ['B']]
Case #75: 
A
B
cake = [['B', '?', 'C', 'E'], ['?', '?', '?', 'A'], ['?', 'D', '?', '?']]
l = B
cake = [['B', '?', 'C', 'E'], ['?', '?', '?', 'A'], ['?', 'D', '?', '?']]
l = ?
cake = [['B', 'B', 'C', 'E'], ['?', '?', '?', 'A'], ['?', 'D', '?', '?']]
l = C
l = E
l = ?
cake = [['B', 'B', 'C', 'E'], ['?', '?', '?', 'A'], ['?', 'D', '?', '?']]
l = ?
cake = [['B', 'B', 'C', 'E'], ['?', '?', '?', 'A'], ['?', 'D', '?', '?']]
l = ?
cake = [['B', 'B', 'C', 'E'], ['?', '?', '?', 'A'], ['?', 'D', '?', '?']]
l = A
cake = [['B', 'B', 'C', 'E'], ['A', 'A', 'A', 'A'], ['?', 'D', '?', '?']]
l = ?
cake = [['B', 'B', 'C', 'E'], ['A', 'A', 'A', 'A'], ['?', 'D', '?', '?']]
l = D
cake = [['B', 'B', 'C', 'E'], ['A', 'A', 'A', 'A'], ['D', 'D', '?', '?']]
l = ?
cake = [['B', 'B', 'C', 'E'], ['A', 'A', 'A', 'A'], ['D', 'D', 'D', '?']]
l = ?
cake = [['B', 'B', 'C', 'E'], ['A', 'A', 'A', 'A'], ['D', 'D', 'D', 'D']]
Case #76: 
BBCE
AAAA
DDDD
cake = [['B', 'C', 'D', '?'], ['?', 'A', '?', 'E'], ['?', '?', '?', '?']]
l = B
cake = [['B', 'C', 'D', '?'], ['?', 'A', '?', 'E'], ['?', '?', '?', '?']]
l = C
l = D
l = ?
cake = [['B', 'C', 'D', 'D'], ['?', 'A', '?', 'E'], ['?', '?', '?', '?']]
l = ?
cake = [['B', 'C', 'D', 'D'], ['?', 'A', '?', 'E'], ['?', '?', '?', '?']]
l = A
cake = [['B', 'C', 'D', 'D'], ['A', 'A', '?', 'E'], ['?', '?', '?', '?']]
l = ?
cake = [['B', 'C', 'D', 'D'], ['A', 'A', 'A', 'E'], ['?', '?', '?', '?']]
l = E
l = ?
cake = [['B', 'C', 'D', 'D'], ['A', 'A', 'A', 'E'], ['?', '?', '?', '?']]
l = ?
cake = [['B', 'C', 'D', 'D'], ['A', 'A', 'A', 'E'], ['?', '?', '?', '?']]
l = ?
cake = [['B', 'C', 'D', 'D'], ['A', 'A', 'A', 'E'], ['?', '?', '?', '?']]
l = ?
cake = [['B', 'C', 'D', 'D'], ['A', 'A', 'A', 'E'], ['?', '?', '?', '?']]
Case #77: 
BCDD
AAAE
AAAE
cake = [['?', 'A', '?']]
l = ?
cake = [['?', 'A', '?']]
l = A
cake = [['A', 'A', '?']]
l = ?
cake = [['A', 'A', 'A']]
Case #78: 
AAA
cake = [['E', 'B', 'D', 'C'], ['?', 'A', '?', '?'], ['?', '?', '?', '?']]
l = E
cake = [['E', 'B', 'D', 'C'], ['?', 'A', '?', '?'], ['?', '?', '?', '?']]
l = B
l = D
l = C
l = ?
cake = [['E', 'B', 'D', 'C'], ['?', 'A', '?', '?'], ['?', '?', '?', '?']]
l = A
cake = [['E', 'B', 'D', 'C'], ['A', 'A', '?', '?'], ['?', '?', '?', '?']]
l = ?
cake = [['E', 'B', 'D', 'C'], ['A', 'A', 'A', '?'], ['?', '?', '?', '?']]
l = ?
cake = [['E', 'B', 'D', 'C'], ['A', 'A', 'A', 'A'], ['?', '?', '?', '?']]
l = ?
cake = [['E', 'B', 'D', 'C'], ['A', 'A', 'A', 'A'], ['?', '?', '?', '?']]
l = ?
cake = [['E', 'B', 'D', 'C'], ['A', 'A', 'A', 'A'], ['?', '?', '?', '?']]
l = ?
cake = [['E', 'B', 'D', 'C'], ['A', 'A', 'A', 'A'], ['?', '?', '?', '?']]
l = ?
cake = [['E', 'B', 'D', 'C'], ['A', 'A', 'A', 'A'], ['?', '?', '?', '?']]
Case #79: 
EBDC
AAAA
AAAA
cake = [['?', 'F', 'B'], ['?', 'D', 'A'], ['C', '?', 'E'], ['?', '?', '?']]
l = ?
cake = [['?', 'F', 'B'], ['?', 'D', 'A'], ['C', '?', 'E'], ['?', '?', '?']]
l = F
cake = [['F', 'F', 'B'], ['?', 'D', 'A'], ['C', '?', 'E'], ['?', '?', '?']]
l = B
l = ?
cake = [['F', 'F', 'B'], ['?', 'D', 'A'], ['C', '?', 'E'], ['?', '?', '?']]
l = D
cake = [['F', 'F', 'B'], ['D', 'D', 'A'], ['C', '?', 'E'], ['?', '?', '?']]
l = A
l = C
cake = [['F', 'F', 'B'], ['D', 'D', 'A'], ['C', '?', 'E'], ['?', '?', '?']]
l = ?
cake = [['F', 'F', 'B'], ['D', 'D', 'A'], ['C', 'C', 'E'], ['?', '?', '?']]
l = E
l = ?
cake = [['F', 'F', 'B'], ['D', 'D', 'A'], ['C', 'C', 'E'], ['?', '?', '?']]
l = ?
cake = [['F', 'F', 'B'], ['D', 'D', 'A'], ['C', 'C', 'E'], ['?', '?', '?']]
l = ?
cake = [['F', 'F', 'B'], ['D', 'D', 'A'], ['C', 'C', 'E'], ['?', '?', '?']]
Case #80: 
FFB
DDA
CCE
CCE
cake = [['A', 'B', 'C', 'D'], ['?', '?', '?', '?'], ['?', '?', '?', '?']]
l = A
cake = [['A', 'B', 'C', 'D'], ['?', '?', '?', '?'], ['?', '?', '?', '?']]
l = B
l = C
l = D
l = ?
cake = [['A', 'B', 'C', 'D'], ['?', '?', '?', '?'], ['?', '?', '?', '?']]
l = ?
cake = [['A', 'B', 'C', 'D'], ['?', '?', '?', '?'], ['?', '?', '?', '?']]
l = ?
cake = [['A', 'B', 'C', 'D'], ['?', '?', '?', '?'], ['?', '?', '?', '?']]
l = ?
cake = [['A', 'B', 'C', 'D'], ['?', '?', '?', '?'], ['?', '?', '?', '?']]
l = ?
cake = [['A', 'B', 'C', 'D'], ['A', 'B', 'C', 'D'], ['?', '?', '?', '?']]
l = ?
cake = [['A', 'B', 'C', 'D'], ['A', 'B', 'C', 'D'], ['?', '?', '?', '?']]
l = ?
cake = [['A', 'B', 'C', 'D'], ['A', 'B', 'C', 'D'], ['?', '?', '?', '?']]
l = ?
cake = [['A', 'B', 'C', 'D'], ['A', 'B', 'C', 'D'], ['?', '?', '?', '?']]
Case #81: 
ABCD
ABCD
ABCD
cake = [['?', '?', '?'], ['?', 'E', 'F'], ['B', 'D', 'C'], ['?', 'A', '?']]
l = ?
cake = [['?', '?', '?'], ['?', 'E', 'F'], ['B', 'D', 'C'], ['?', 'A', '?']]
l = ?
cake = [['?', '?', '?'], ['?', 'E', 'F'], ['B', 'D', 'C'], ['?', 'A', '?']]
l = ?
cake = [['?', '?', '?'], ['?', 'E', 'F'], ['B', 'D', 'C'], ['?', 'A', '?']]
l = ?
cake = [['?', '?', '?'], ['?', 'E', 'F'], ['B', 'D', 'C'], ['?', 'A', '?']]
l = E
cake = [['?', '?', '?'], ['E', 'E', 'F'], ['B', 'D', 'C'], ['?', 'A', '?']]
l = F
l = B
cake = [['E', 'E', 'F'], ['E', 'E', 'F'], ['B', 'D', 'C'], ['?', 'A', '?']]
l = D
l = C
l = ?
cake = [['E', 'E', 'F'], ['E', 'E', 'F'], ['B', 'D', 'C'], ['?', 'A', '?']]
l = A
cake = [['E', 'E', 'F'], ['E', 'E', 'F'], ['B', 'D', 'C'], ['A', 'A', '?']]
l = ?
cake = [['E', 'E', 'F'], ['E', 'E', 'F'], ['B', 'D', 'C'], ['A', 'A', 'A']]
Case #82: 
EEF
EEF
BDC
AAA
cake = [['A', 'C', 'B']]
l = A
cake = [['A', 'C', 'B']]
l = C
l = B
Case #83: 
ACB
cake = [['?', 'B', '?', 'C'], ['D', '?', '?', 'A'], ['?', 'E', '?', '?']]
l = ?
cake = [['?', 'B', '?', 'C'], ['D', '?', '?', 'A'], ['?', 'E', '?', '?']]
l = B
cake = [['B', 'B', '?', 'C'], ['D', '?', '?', 'A'], ['?', 'E', '?', '?']]
l = ?
cake = [['B', 'B', 'B', 'C'], ['D', '?', '?', 'A'], ['?', 'E', '?', '?']]
l = C
l = D
cake = [['B', 'B', 'B', 'C'], ['D', '?', '?', 'A'], ['?', 'E', '?', '?']]
l = ?
cake = [['B', 'B', 'B', 'C'], ['D', 'D', '?', 'A'], ['?', 'E', '?', '?']]
l = ?
cake = [['B', 'B', 'B', 'C'], ['D', 'D', 'D', 'A'], ['?', 'E', '?', '?']]
l = A
l = ?
cake = [['B', 'B', 'B', 'C'], ['D', 'D', 'D', 'A'], ['?', 'E', '?', '?']]
l = E
cake = [['B', 'B', 'B', 'C'], ['D', 'D', 'D', 'A'], ['E', 'E', '?', '?']]
l = ?
cake = [['B', 'B', 'B', 'C'], ['D', 'D', 'D', 'A'], ['E', 'E', 'E', '?']]
l = ?
cake = [['B', 'B', 'B', 'C'], ['D', 'D', 'D', 'A'], ['E', 'E', 'E', 'E']]
Case #84: 
BBBC
DDDA
EEEE
cake = [['I', 'J', 'A'], ['K', 'C', 'B'], ['D', 'L', 'H'], ['E', 'F', 'G']]
l = I
cake = [['I', 'J', 'A'], ['K', 'C', 'B'], ['D', 'L', 'H'], ['E', 'F', 'G']]
l = J
l = A
l = K
cake = [['I', 'J', 'A'], ['K', 'C', 'B'], ['D', 'L', 'H'], ['E', 'F', 'G']]
l = C
l = B
l = D
cake = [['I', 'J', 'A'], ['K', 'C', 'B'], ['D', 'L', 'H'], ['E', 'F', 'G']]
l = L
l = H
l = E
cake = [['I', 'J', 'A'], ['K', 'C', 'B'], ['D', 'L', 'H'], ['E', 'F', 'G']]
l = F
l = G
Case #85: 
IJA
KCB
DLH
EFG
cake = [['A', 'B'], ['?', 'C']]
l = A
cake = [['A', 'B'], ['?', 'C']]
l = B
l = ?
cake = [['A', 'B'], ['?', 'C']]
l = C
cake = [['A', 'B'], ['C', 'C']]
Case #86: 
AB
CC
cake = [['A', '?', '?', '?'], ['B', '?', '?', '?'], ['C', '?', '?', '?']]
l = A
cake = [['A', '?', '?', '?'], ['B', '?', '?', '?'], ['C', '?', '?', '?']]
l = ?
cake = [['A', 'A', '?', '?'], ['B', '?', '?', '?'], ['C', '?', '?', '?']]
l = ?
cake = [['A', 'A', 'A', '?'], ['B', '?', '?', '?'], ['C', '?', '?', '?']]
l = ?
cake = [['A', 'A', 'A', 'A'], ['B', '?', '?', '?'], ['C', '?', '?', '?']]
l = B
cake = [['A', 'A', 'A', 'A'], ['B', '?', '?', '?'], ['C', '?', '?', '?']]
l = ?
cake = [['A', 'A', 'A', 'A'], ['B', 'B', '?', '?'], ['C', '?', '?', '?']]
l = ?
cake = [['A', 'A', 'A', 'A'], ['B', 'B', 'B', '?'], ['C', '?', '?', '?']]
l = ?
cake = [['A', 'A', 'A', 'A'], ['B', 'B', 'B', 'B'], ['C', '?', '?', '?']]
l = C
cake = [['A', 'A', 'A', 'A'], ['B', 'B', 'B', 'B'], ['C', '?', '?', '?']]
l = ?
cake = [['A', 'A', 'A', 'A'], ['B', 'B', 'B', 'B'], ['C', 'C', '?', '?']]
l = ?
cake = [['A', 'A', 'A', 'A'], ['B', 'B', 'B', 'B'], ['C', 'C', 'C', '?']]
l = ?
cake = [['A', 'A', 'A', 'A'], ['B', 'B', 'B', 'B'], ['C', 'C', 'C', 'C']]
Case #87: 
AAAA
BBBB
CCCC
cake = [['B', 'C', '?'], ['?', 'A', 'E'], ['F', 'D', '?'], ['?', '?', '?']]
l = B
cake = [['B', 'C', '?'], ['?', 'A', 'E'], ['F', 'D', '?'], ['?', '?', '?']]
l = C
l = ?
cake = [['B', 'C', 'C'], ['?', 'A', 'E'], ['F', 'D', '?'], ['?', '?', '?']]
l = ?
cake = [['B', 'C', 'C'], ['?', 'A', 'E'], ['F', 'D', '?'], ['?', '?', '?']]
l = A
cake = [['B', 'C', 'C'], ['A', 'A', 'E'], ['F', 'D', '?'], ['?', '?', '?']]
l = E
l = F
cake = [['B', 'C', 'C'], ['A', 'A', 'E'], ['F', 'D', '?'], ['?', '?', '?']]
l = D
l = ?
cake = [['B', 'C', 'C'], ['A', 'A', 'E'], ['F', 'D', 'D'], ['?', '?', '?']]
l = ?
cake = [['B', 'C', 'C'], ['A', 'A', 'E'], ['F', 'D', 'D'], ['?', '?', '?']]
l = ?
cake = [['B', 'C', 'C'], ['A', 'A', 'E'], ['F', 'D', 'D'], ['?', '?', '?']]
l = ?
cake = [['B', 'C', 'C'], ['A', 'A', 'E'], ['F', 'D', 'D'], ['?', '?', '?']]
Case #88: 
BCC
AAE
FDD
FDD
cake = [['A', 'B']]
l = A
cake = [['A', 'B']]
l = B
Case #89: 
AB
cake = [['A', 'D', '?'], ['B', '?', '?'], ['C', '?', 'E']]
l = A
cake = [['A', 'D', '?'], ['B', '?', '?'], ['C', '?', 'E']]
l = D
l = ?
cake = [['A', 'D', 'D'], ['B', '?', '?'], ['C', '?', 'E']]
l = B
cake = [['A', 'D', 'D'], ['B', '?', '?'], ['C', '?', 'E']]
l = ?
cake = [['A', 'D', 'D'], ['B', 'B', '?'], ['C', '?', 'E']]
l = ?
cake = [['A', 'D', 'D'], ['B', 'B', 'B'], ['C', '?', 'E']]
l = C
cake = [['A', 'D', 'D'], ['B', 'B', 'B'], ['C', '?', 'E']]
l = ?
cake = [['A', 'D', 'D'], ['B', 'B', 'B'], ['C', 'C', 'E']]
l = E
Case #90: 
ADD
BBB
CCE
cake = [['G', 'A', '?', '?'], ['D', 'E', 'I', '?'], ['B', 'H', 'C', 'F']]
l = G
cake = [['G', 'A', '?', '?'], ['D', 'E', 'I', '?'], ['B', 'H', 'C', 'F']]
l = A
l = ?
cake = [['G', 'A', 'A', '?'], ['D', 'E', 'I', '?'], ['B', 'H', 'C', 'F']]
l = ?
cake = [['G', 'A', 'A', 'A'], ['D', 'E', 'I', '?'], ['B', 'H', 'C', 'F']]
l = D
cake = [['G', 'A', 'A', 'A'], ['D', 'E', 'I', '?'], ['B', 'H', 'C', 'F']]
l = E
l = I
l = ?
cake = [['G', 'A', 'A', 'A'], ['D', 'E', 'I', 'I'], ['B', 'H', 'C', 'F']]
l = B
cake = [['G', 'A', 'A', 'A'], ['D', 'E', 'I', 'I'], ['B', 'H', 'C', 'F']]
l = H
l = C
l = F
Case #91: 
GAAA
DEII
BHCF
cake = [['?', '?', '?', '?'], ['?', 'C', 'J', '?'], ['?', '?', '?', '?']]
l = ?
cake = [['?', '?', '?', '?'], ['?', 'C', 'J', '?'], ['?', '?', '?', '?']]
l = ?
cake = [['?', '?', '?', '?'], ['?', 'C', 'J', '?'], ['?', '?', '?', '?']]
l = ?
cake = [['?', '?', '?', '?'], ['?', 'C', 'J', '?'], ['?', '?', '?', '?']]
l = ?
cake = [['?', '?', '?', '?'], ['?', 'C', 'J', '?'], ['?', '?', '?', '?']]
l = ?
cake = [['?', '?', '?', '?'], ['?', 'C', 'J', '?'], ['?', '?', '?', '?']]
l = C
cake = [['?', '?', '?', '?'], ['C', 'C', 'J', '?'], ['?', '?', '?', '?']]
l = J
l = ?
cake = [['?', '?', '?', '?'], ['C', 'C', 'J', 'J'], ['?', '?', '?', '?']]
l = ?
cake = [['C', 'C', 'J', 'J'], ['C', 'C', 'J', 'J'], ['?', '?', '?', '?']]
l = ?
cake = [['C', 'C', 'J', 'J'], ['C', 'C', 'J', 'J'], ['?', '?', '?', '?']]
l = ?
cake = [['C', 'C', 'J', 'J'], ['C', 'C', 'J', 'J'], ['?', '?', '?', '?']]
l = ?
cake = [['C', 'C', 'J', 'J'], ['C', 'C', 'J', 'J'], ['?', '?', '?', '?']]
Case #92: 
CCJJ
CCJJ
CCJJ
cake = [['L', 'F', 'G', 'I'], ['K', 'C', 'A', 'E'], ['B', 'H', 'D', 'J']]
l = L
cake = [['L', 'F', 'G', 'I'], ['K', 'C', 'A', 'E'], ['B', 'H', 'D', 'J']]
l = F
l = G
l = I
l = K
cake = [['L', 'F', 'G', 'I'], ['K', 'C', 'A', 'E'], ['B', 'H', 'D', 'J']]
l = C
l = A
l = E
l = B
cake = [['L', 'F', 'G', 'I'], ['K', 'C', 'A', 'E'], ['B', 'H', 'D', 'J']]
l = H
l = D
l = J
Case #93: 
LFGI
KCAE
BHDJ
cake = [['B', 'A', 'C'], ['?', '?', '?'], ['?', 'D', '?'], ['?', 'F', 'E']]
l = B
cake = [['B', 'A', 'C'], ['?', '?', '?'], ['?', 'D', '?'], ['?', 'F', 'E']]
l = A
l = C
l = ?
cake = [['B', 'A', 'C'], ['?', '?', '?'], ['?', 'D', '?'], ['?', 'F', 'E']]
l = ?
cake = [['B', 'A', 'C'], ['?', '?', '?'], ['?', 'D', '?'], ['?', 'F', 'E']]
l = ?
cake = [['B', 'A', 'C'], ['?', '?', '?'], ['?', 'D', '?'], ['?', 'F', 'E']]
l = ?
cake = [['B', 'A', 'C'], ['B', 'A', 'C'], ['?', 'D', '?'], ['?', 'F', 'E']]
l = D
cake = [['B', 'A', 'C'], ['B', 'A', 'C'], ['D', 'D', '?'], ['?', 'F', 'E']]
l = ?
cake = [['B', 'A', 'C'], ['B', 'A', 'C'], ['D', 'D', 'D'], ['?', 'F', 'E']]
l = ?
cake = [['B', 'A', 'C'], ['B', 'A', 'C'], ['D', 'D', 'D'], ['?', 'F', 'E']]
l = F
cake = [['B', 'A', 'C'], ['B', 'A', 'C'], ['D', 'D', 'D'], ['F', 'F', 'E']]
l = E
Case #94: 
BAC
BAC
DDD
FFE
cake = [['?', 'A', '?', '?'], ['B', '?', 'D', '?'], ['?', 'E', 'C', '?']]
l = ?
cake = [['?', 'A', '?', '?'], ['B', '?', 'D', '?'], ['?', 'E', 'C', '?']]
l = A
cake = [['A', 'A', '?', '?'], ['B', '?', 'D', '?'], ['?', 'E', 'C', '?']]
l = ?
cake = [['A', 'A', 'A', '?'], ['B', '?', 'D', '?'], ['?', 'E', 'C', '?']]
l = ?
cake = [['A', 'A', 'A', 'A'], ['B', '?', 'D', '?'], ['?', 'E', 'C', '?']]
l = B
cake = [['A', 'A', 'A', 'A'], ['B', '?', 'D', '?'], ['?', 'E', 'C', '?']]
l = ?
cake = [['A', 'A', 'A', 'A'], ['B', 'B', 'D', '?'], ['?', 'E', 'C', '?']]
l = D
l = ?
cake = [['A', 'A', 'A', 'A'], ['B', 'B', 'D', 'D'], ['?', 'E', 'C', '?']]
l = ?
cake = [['A', 'A', 'A', 'A'], ['B', 'B', 'D', 'D'], ['?', 'E', 'C', '?']]
l = E
cake = [['A', 'A', 'A', 'A'], ['B', 'B', 'D', 'D'], ['E', 'E', 'C', '?']]
l = C
l = ?
cake = [['A', 'A', 'A', 'A'], ['B', 'B', 'D', 'D'], ['E', 'E', 'C', 'C']]
Case #95: 
AAAA
BBDD
EECC
cake = [['?', '?', 'E'], ['?', '?', 'A'], ['?', 'C', 'D'], ['?', '?', 'B']]
l = ?
cake = [['?', '?', 'E'], ['?', '?', 'A'], ['?', 'C', 'D'], ['?', '?', 'B']]
l = ?
cake = [['?', '?', 'E'], ['?', '?', 'A'], ['?', 'C', 'D'], ['?', '?', 'B']]
l = E
cake = [['E', 'E', 'E'], ['?', '?', 'A'], ['?', 'C', 'D'], ['?', '?', 'B']]
l = ?
cake = [['E', 'E', 'E'], ['?', '?', 'A'], ['?', 'C', 'D'], ['?', '?', 'B']]
l = ?
cake = [['E', 'E', 'E'], ['?', '?', 'A'], ['?', 'C', 'D'], ['?', '?', 'B']]
l = A
cake = [['E', 'E', 'E'], ['A', 'A', 'A'], ['?', 'C', 'D'], ['?', '?', 'B']]
l = ?
cake = [['E', 'E', 'E'], ['A', 'A', 'A'], ['?', 'C', 'D'], ['?', '?', 'B']]
l = C
cake = [['E', 'E', 'E'], ['A', 'A', 'A'], ['C', 'C', 'D'], ['?', '?', 'B']]
l = D
l = ?
cake = [['E', 'E', 'E'], ['A', 'A', 'A'], ['C', 'C', 'D'], ['?', '?', 'B']]
l = ?
cake = [['E', 'E', 'E'], ['A', 'A', 'A'], ['C', 'C', 'D'], ['?', '?', 'B']]
l = B
cake = [['E', 'E', 'E'], ['A', 'A', 'A'], ['C', 'C', 'D'], ['B', 'B', 'B']]
Case #96: 
EEE
AAA
CCD
BBB
cake = [['D', '?', 'E'], ['C', '?', '?'], ['?', 'F', 'B'], ['?', '?', 'A']]
l = D
cake = [['D', '?', 'E'], ['C', '?', '?'], ['?', 'F', 'B'], ['?', '?', 'A']]
l = ?
cake = [['D', 'D', 'E'], ['C', '?', '?'], ['?', 'F', 'B'], ['?', '?', 'A']]
l = E
l = C
cake = [['D', 'D', 'E'], ['C', '?', '?'], ['?', 'F', 'B'], ['?', '?', 'A']]
l = ?
cake = [['D', 'D', 'E'], ['C', 'C', '?'], ['?', 'F', 'B'], ['?', '?', 'A']]
l = ?
cake = [['D', 'D', 'E'], ['C', 'C', 'C'], ['?', 'F', 'B'], ['?', '?', 'A']]
l = ?
cake = [['D', 'D', 'E'], ['C', 'C', 'C'], ['?', 'F', 'B'], ['?', '?', 'A']]
l = F
cake = [['D', 'D', 'E'], ['C', 'C', 'C'], ['F', 'F', 'B'], ['?', '?', 'A']]
l = B
l = ?
cake = [['D', 'D', 'E'], ['C', 'C', 'C'], ['F', 'F', 'B'], ['?', '?', 'A']]
l = ?
cake = [['D', 'D', 'E'], ['C', 'C', 'C'], ['F', 'F', 'B'], ['?', '?', 'A']]
l = A
cake = [['D', 'D', 'E'], ['C', 'C', 'C'], ['F', 'F', 'B'], ['A', 'A', 'A']]
Case #97: 
DDE
CCC
FFB
AAA
cake = [['?', 'B', '?'], ['A', 'C', '?'], ['?', '?', 'F'], ['E', '?', 'D']]
l = ?
cake = [['?', 'B', '?'], ['A', 'C', '?'], ['?', '?', 'F'], ['E', '?', 'D']]
l = B
cake = [['B', 'B', '?'], ['A', 'C', '?'], ['?', '?', 'F'], ['E', '?', 'D']]
l = ?
cake = [['B', 'B', 'B'], ['A', 'C', '?'], ['?', '?', 'F'], ['E', '?', 'D']]
l = A
cake = [['B', 'B', 'B'], ['A', 'C', '?'], ['?', '?', 'F'], ['E', '?', 'D']]
l = C
l = ?
cake = [['B', 'B', 'B'], ['A', 'C', 'C'], ['?', '?', 'F'], ['E', '?', 'D']]
l = ?
cake = [['B', 'B', 'B'], ['A', 'C', 'C'], ['?', '?', 'F'], ['E', '?', 'D']]
l = ?
cake = [['B', 'B', 'B'], ['A', 'C', 'C'], ['?', '?', 'F'], ['E', '?', 'D']]
l = F
cake = [['B', 'B', 'B'], ['A', 'C', 'C'], ['F', 'F', 'F'], ['E', '?', 'D']]
l = E
cake = [['B', 'B', 'B'], ['A', 'C', 'C'], ['F', 'F', 'F'], ['E', '?', 'D']]
l = ?
cake = [['B', 'B', 'B'], ['A', 'C', 'C'], ['F', 'F', 'F'], ['E', 'E', 'D']]
l = D
Case #98: 
BBB
ACC
FFF
EED
cake = [['?', '?', '?', 'A'], ['?', '?', '?', 'B'], ['?', '?', '?', 'C']]
l = ?
cake = [['?', '?', '?', 'A'], ['?', '?', '?', 'B'], ['?', '?', '?', 'C']]
l = ?
cake = [['?', '?', '?', 'A'], ['?', '?', '?', 'B'], ['?', '?', '?', 'C']]
l = ?
cake = [['?', '?', '?', 'A'], ['?', '?', '?', 'B'], ['?', '?', '?', 'C']]
l = A
cake = [['A', 'A', 'A', 'A'], ['?', '?', '?', 'B'], ['?', '?', '?', 'C']]
l = ?
cake = [['A', 'A', 'A', 'A'], ['?', '?', '?', 'B'], ['?', '?', '?', 'C']]
l = ?
cake = [['A', 'A', 'A', 'A'], ['?', '?', '?', 'B'], ['?', '?', '?', 'C']]
l = ?
cake = [['A', 'A', 'A', 'A'], ['?', '?', '?', 'B'], ['?', '?', '?', 'C']]
l = B
cake = [['A', 'A', 'A', 'A'], ['B', 'B', 'B', 'B'], ['?', '?', '?', 'C']]
l = ?
cake = [['A', 'A', 'A', 'A'], ['B', 'B', 'B', 'B'], ['?', '?', '?', 'C']]
l = ?
cake = [['A', 'A', 'A', 'A'], ['B', 'B', 'B', 'B'], ['?', '?', '?', 'C']]
l = ?
cake = [['A', 'A', 'A', 'A'], ['B', 'B', 'B', 'B'], ['?', '?', '?', 'C']]
l = C
cake = [['A', 'A', 'A', 'A'], ['B', 'B', 'B', 'B'], ['C', 'C', 'C', 'C']]
Case #99: 
AAAA
BBBB
CCCC
cake = [['C', 'D', 'K'], ['E', 'B', 'F'], ['G', 'A', 'I'], ['H', 'J', '?']]
l = C
cake = [['C', 'D', 'K'], ['E', 'B', 'F'], ['G', 'A', 'I'], ['H', 'J', '?']]
l = D
l = K
l = E
cake = [['C', 'D', 'K'], ['E', 'B', 'F'], ['G', 'A', 'I'], ['H', 'J', '?']]
l = B
l = F
l = G
cake = [['C', 'D', 'K'], ['E', 'B', 'F'], ['G', 'A', 'I'], ['H', 'J', '?']]
l = A
l = I
l = H
cake = [['C', 'D', 'K'], ['E', 'B', 'F'], ['G', 'A', 'I'], ['H', 'J', '?']]
l = J
l = ?
cake = [['C', 'D', 'K'], ['E', 'B', 'F'], ['G', 'A', 'I'], ['H', 'J', 'J']]
Case #100: 
CDK
EBF
GAI
HJJ
